[1] "started subject: NDAR_INV5L4LYVBY"
[1] "###################################################################################################################"
[1] "start of cmd: 1 for parameter set: 1"
[1] "cmd: 1 is completed for parameter set: 1"
[1] "start of cmd: 2 for parameter set: 1"
[1] "cmd: 2 is completed for parameter set: 1"
[1] "start of cmd: 3 for parameter set: 1"
[1] "cmd: 3 is completed for parameter set: 1"
[1] "start of cmd: 4 for parameter set: 1"
mri_convert /Dedicated/jmichaelson-sdata/ABCD/abcd_release_3_0/imaging/data/ABCD_T1/nii/NDAR_INV5L4LYVBY.nii.gz /Dedicated/jmichaelson-wdata/msmuhammad/projects/ABCD/MRI/derivatives/NDAR_INV5L4LYVBY/parameter-set-1/mri/orig/001.mgz 
reading from /Dedicated/jmichaelson-sdata/ABCD/abcd_release_3_0/imaging/data/ABCD_T1/nii/NDAR_INV5L4LYVBY.nii.gz...
TR=2500.00, TE=0.00, TI=0.00, flip angle=0.00
i_ras = (1, 0, 0)
j_ras = (0, 1, 0)
k_ras = (0, 0, 1)
writing to /Dedicated/jmichaelson-wdata/msmuhammad/projects/ABCD/MRI/derivatives/NDAR_INV5L4LYVBY/parameter-set-1/mri/orig/001.mgz...
[1] "cmd: 4 is completed for parameter set: 1"
[1] "start of cmd: 5 for parameter set: 1"
Subject Stamp: freesurfer-linux-centos7_x86_64-7.1.1-20200723-8b40551
Current Stamp: freesurfer-linux-centos7_x86_64-7.1.1-20200723-8b40551
INFO: SUBJECTS_DIR is /Dedicated/jmichaelson-wdata/msmuhammad/projects/ABCD/MRI/derivatives/NDAR_INV5L4LYVBY
Actual FREESURFER_HOME /Users/msmuhammad/packages/FreeSurfer/7.1.1
Linux argon-lc-g14-14.hpc 3.10.0-1160.76.1.el7.x86_64 #1 SMP Wed Aug 10 16:21:17 UTC 2022 x86_64 x86_64 x86_64 GNU/Linux
'/Users/msmuhammad/packages/FreeSurfer/7.1.1/bin/recon-all' -> '/Dedicated/jmichaelson-wdata/msmuhammad/projects/ABCD/MRI/derivatives/NDAR_INV5L4LYVBY/parameter-set-1/scripts/recon-all.local-copy'
#--------------------------------------------
#@# MotionCor Wed Dec 14 13:26:52 CST 2022
Found 1 runs
/Dedicated/jmichaelson-wdata/msmuhammad/projects/ABCD/MRI/derivatives/NDAR_INV5L4LYVBY/parameter-set-1/mri/orig/001.mgz
Checking for (invalid) multi-frame inputs...
Only one run found so motion
correction will not be performed. I'll
copy the run to rawavg and continue.

 cp /Dedicated/jmichaelson-wdata/msmuhammad/projects/ABCD/MRI/derivatives/NDAR_INV5L4LYVBY/parameter-set-1/mri/orig/001.mgz /Dedicated/jmichaelson-wdata/msmuhammad/projects/ABCD/MRI/derivatives/NDAR_INV5L4LYVBY/parameter-set-1/mri/rawavg.mgz 

/Dedicated/jmichaelson-wdata/msmuhammad/projects/ABCD/MRI/derivatives/NDAR_INV5L4LYVBY/parameter-set-1

 mri_convert /Dedicated/jmichaelson-wdata/msmuhammad/projects/ABCD/MRI/derivatives/NDAR_INV5L4LYVBY/parameter-set-1/mri/rawavg.mgz /Dedicated/jmichaelson-wdata/msmuhammad/projects/ABCD/MRI/derivatives/NDAR_INV5L4LYVBY/parameter-set-1/mri/orig.mgz --conform 

mri_convert /Dedicated/jmichaelson-wdata/msmuhammad/projects/ABCD/MRI/derivatives/NDAR_INV5L4LYVBY/parameter-set-1/mri/rawavg.mgz /Dedicated/jmichaelson-wdata/msmuhammad/projects/ABCD/MRI/derivatives/NDAR_INV5L4LYVBY/parameter-set-1/mri/orig.mgz --conform 
reading from /Dedicated/jmichaelson-wdata/msmuhammad/projects/ABCD/MRI/derivatives/NDAR_INV5L4LYVBY/parameter-set-1/mri/rawavg.mgz...
TR=2500.00, TE=0.00, TI=0.00, flip angle=0.00
i_ras = (1, 0, 0)
j_ras = (0, 1, 0)
k_ras = (0, 0, 1)
changing data type from short to uchar (noscale = 0)...
MRIchangeType: Building histogram 0 3282 1000, flo=0, fhi=0.999, dest_type=0
Reslicing using trilinear interpolation 
writing to /Dedicated/jmichaelson-wdata/msmuhammad/projects/ABCD/MRI/derivatives/NDAR_INV5L4LYVBY/parameter-set-1/mri/orig.mgz...
@#@FSTIME  2022:12:14:13:26:55 mri_convert N 3 e 3.15 S 0.03 U 2.99 P 95% M 37596 F 0 R 3762 W 0 c 3 w 395 I 0 O 15152 L 1.89 1.97 1.69
@#@FSLOADPOST 2022:12:14:13:26:59 mri_convert N 3 1.90 1.97 1.69

 mri_add_xform_to_header -c /Dedicated/jmichaelson-wdata/msmuhammad/projects/ABCD/MRI/derivatives/NDAR_INV5L4LYVBY/parameter-set-1/mri/transforms/talairach.xfm /Dedicated/jmichaelson-wdata/msmuhammad/projects/ABCD/MRI/derivatives/NDAR_INV5L4LYVBY/parameter-set-1/mri/orig.mgz /Dedicated/jmichaelson-wdata/msmuhammad/projects/ABCD/MRI/derivatives/NDAR_INV5L4LYVBY/parameter-set-1/mri/orig.mgz 

INFO: extension is mgz
@#@FSTIME  2022:12:14:13:26:59 mri_add_xform_to_header N 4 e 1.38 S 0.02 U 1.22 P 90% M 19704 F 0 R 1436 W 0 c 2 w 403 I 0 O 15152 L 1.90 1.97 1.69
@#@FSLOADPOST 2022:12:14:13:27:00 mri_add_xform_to_header N 4 1.90 1.97 1.69
#--------------------------------------------
#@# Deface Wed Dec 14 13:27:00 CST 2022

 mri_deface orig.mgz /Users/msmuhammad/packages/FreeSurfer/7.1.1/average/talairach_mixed_with_skull.gca /Users/msmuhammad/packages/FreeSurfer/7.1.1/average/face.gca orig_defaced.mgz 

logging results to orig_defaced.log
reading '/Users/msmuhammad/packages/FreeSurfer/7.1.1/average/talairach_mixed_with_skull.gca'...
reading 'orig.mgz'...
bounding unknown intensity as < 10.3 or > 1461.6 
total sample mean = 111.8 (0 zeros)
spacing=8, using 2055 sample points, tol=1.00e-03...
resetting wm mean[0]: 143 --> 144
resetting gm mean[0]: 89 --> 89
input volume #1 is the most T1-like
using real data threshold=9.0
skull bounding box = (43, 0, 22) --> (208, 255, 207)
finding center of left hemi white matter
using (98, 85, 115) as brain centroid of Right_Cerebral_White_Matter...
MRImask(): AllowDiffGeom = 1
mean wm in atlas = 144, using box (78,53,92) --> (118, 116,137) to find MRI wm
before smoothing, mri peak at 118
robust fit to distribution - 86 +- 19.0
distribution too broad for accurate scaling - disabling
after smoothing, mri peak at 144, scaling input intensities by 1.000
scaling channel 0 by 1
initial log_p = -5.1

after initial translation: (3.4, 33.0, -3.4): log p = -4.6

scale 1.000: max=-4.5, old_max =-4.6 (thresh=-4.6)

scale 1.000: max=-4.5, old_max =-4.5 (thresh=-4.5)
