[1] "started subject: NDAR_INV0FM9MUTU"
[1] "###################################################################################################################"
[1] "start of cmd: 1 for parameter set: 1"
[1] "cmd: 1 is completed for parameter set: 1"
[1] "start of cmd: 2 for parameter set: 1"
[1] "cmd: 2 is completed for parameter set: 1"
[1] "start of cmd: 3 for parameter set: 1"
[1] "cmd: 3 is completed for parameter set: 1"
[1] "start of cmd: 4 for parameter set: 1"
mri_convert /Dedicated/jmichaelson-sdata/ABCD/abcd_release_3_0/imaging/data/ABCD_T1/nii/NDAR_INV0FM9MUTU.nii.gz /Dedicated/jmichaelson-wdata/msmuhammad/projects/ABCD/MRI/derivatives/NDAR_INV0FM9MUTU/parameter-set-1/mri/orig/001.mgz 
reading from /Dedicated/jmichaelson-sdata/ABCD/abcd_release_3_0/imaging/data/ABCD_T1/nii/NDAR_INV0FM9MUTU.nii.gz...
TR=2500.00, TE=0.00, TI=0.00, flip angle=0.00
i_ras = (1, 0, 0)
j_ras = (0, 1, 0)
k_ras = (0, 0, 1)
writing to /Dedicated/jmichaelson-wdata/msmuhammad/projects/ABCD/MRI/derivatives/NDAR_INV0FM9MUTU/parameter-set-1/mri/orig/001.mgz...
[1] "cmd: 4 is completed for parameter set: 1"
[1] "start of cmd: 5 for parameter set: 1"
Subject Stamp: freesurfer-linux-centos7_x86_64-7.1.1-20200723-8b40551
Current Stamp: freesurfer-linux-centos7_x86_64-7.1.1-20200723-8b40551
INFO: SUBJECTS_DIR is /Dedicated/jmichaelson-wdata/msmuhammad/projects/ABCD/MRI/derivatives/NDAR_INV0FM9MUTU
Actual FREESURFER_HOME /Users/msmuhammad/packages/FreeSurfer/7.1.1
Linux argon-itf-bx47-35.hpc 3.10.0-1160.76.1.el7.x86_64 #1 SMP Wed Aug 10 16:21:17 UTC 2022 x86_64 x86_64 x86_64 GNU/Linux
'/Users/msmuhammad/packages/FreeSurfer/7.1.1/bin/recon-all' -> '/Dedicated/jmichaelson-wdata/msmuhammad/projects/ABCD/MRI/derivatives/NDAR_INV0FM9MUTU/parameter-set-1/scripts/recon-all.local-copy'
#--------------------------------------------
#@# MotionCor Wed Dec 14 08:04:25 CST 2022
Found 1 runs
/Dedicated/jmichaelson-wdata/msmuhammad/projects/ABCD/MRI/derivatives/NDAR_INV0FM9MUTU/parameter-set-1/mri/orig/001.mgz
Checking for (invalid) multi-frame inputs...
Only one run found so motion
correction will not be performed. I'll
copy the run to rawavg and continue.

 cp /Dedicated/jmichaelson-wdata/msmuhammad/projects/ABCD/MRI/derivatives/NDAR_INV0FM9MUTU/parameter-set-1/mri/orig/001.mgz /Dedicated/jmichaelson-wdata/msmuhammad/projects/ABCD/MRI/derivatives/NDAR_INV0FM9MUTU/parameter-set-1/mri/rawavg.mgz 

/Dedicated/jmichaelson-wdata/msmuhammad/projects/ABCD/MRI/derivatives/NDAR_INV0FM9MUTU/parameter-set-1

 mri_convert /Dedicated/jmichaelson-wdata/msmuhammad/projects/ABCD/MRI/derivatives/NDAR_INV0FM9MUTU/parameter-set-1/mri/rawavg.mgz /Dedicated/jmichaelson-wdata/msmuhammad/projects/ABCD/MRI/derivatives/NDAR_INV0FM9MUTU/parameter-set-1/mri/orig.mgz --conform 

mri_convert /Dedicated/jmichaelson-wdata/msmuhammad/projects/ABCD/MRI/derivatives/NDAR_INV0FM9MUTU/parameter-set-1/mri/rawavg.mgz /Dedicated/jmichaelson-wdata/msmuhammad/projects/ABCD/MRI/derivatives/NDAR_INV0FM9MUTU/parameter-set-1/mri/orig.mgz --conform 
reading from /Dedicated/jmichaelson-wdata/msmuhammad/projects/ABCD/MRI/derivatives/NDAR_INV0FM9MUTU/parameter-set-1/mri/rawavg.mgz...
TR=2500.00, TE=0.00, TI=0.00, flip angle=0.00
i_ras = (1, 0, 0)
j_ras = (0, 1, 0)
k_ras = (0, 0, 1)
changing data type from short to uchar (noscale = 0)...
MRIchangeType: Building histogram 0 3673 1000, flo=0, fhi=0.999, dest_type=0
Reslicing using trilinear interpolation 
writing to /Dedicated/jmichaelson-wdata/msmuhammad/projects/ABCD/MRI/derivatives/NDAR_INV0FM9MUTU/parameter-set-1/mri/orig.mgz...
@#@FSTIME  2022:12:14:08:04:28 mri_convert N 3 e 4.40 S 0.04 U 4.31 P 98% M 37568 F 0 R 18429 W 0 c 5 w 340 I 0 O 14072 L 16.52 16.11 17.13
@#@FSLOADPOST 2022:12:14:08:04:33 mri_convert N 3 16.56 16.13 17.13

 mri_add_xform_to_header -c /Dedicated/jmichaelson-wdata/msmuhammad/projects/ABCD/MRI/derivatives/NDAR_INV0FM9MUTU/parameter-set-1/mri/transforms/talairach.xfm /Dedicated/jmichaelson-wdata/msmuhammad/projects/ABCD/MRI/derivatives/NDAR_INV0FM9MUTU/parameter-set-1/mri/orig.mgz /Dedicated/jmichaelson-wdata/msmuhammad/projects/ABCD/MRI/derivatives/NDAR_INV0FM9MUTU/parameter-set-1/mri/orig.mgz 

INFO: extension is mgz
@#@FSTIME  2022:12:14:08:04:33 mri_add_xform_to_header N 4 e 2.08 S 0.01 U 1.80 P 87% M 19712 F 1 R 2460 W 0 c 2 w 260 I 5736 O 14072 L 16.56 16.13 17.13
@#@FSLOADPOST 2022:12:14:08:04:35 mri_add_xform_to_header N 4 16.59 16.14 17.13
#--------------------------------------------
#@# Deface Wed Dec 14 08:04:35 CST 2022

 mri_deface orig.mgz /Users/msmuhammad/packages/FreeSurfer/7.1.1/average/talairach_mixed_with_skull.gca /Users/msmuhammad/packages/FreeSurfer/7.1.1/average/face.gca orig_defaced.mgz 

logging results to orig_defaced.log
reading '/Users/msmuhammad/packages/FreeSurfer/7.1.1/average/talairach_mixed_with_skull.gca'...
reading 'orig.mgz'...
bounding unknown intensity as < 10.3 or > 1461.6 
total sample mean = 111.8 (0 zeros)
spacing=8, using 2055 sample points, tol=1.00e-03...
resetting wm mean[0]: 143 --> 144
resetting gm mean[0]: 89 --> 89
input volume #1 is the most T1-like
using real data threshold=7.0
skull bounding box = (53, 55, 26) --> (202, 255, 224)
finding center of left hemi white matter
using (103, 122, 125) as brain centroid of Right_Cerebral_White_Matter...
MRImask(): AllowDiffGeom = 1
mean wm in atlas = 144, using box (85,97,101) --> (121, 146,149) to find MRI wm
before smoothing, mri peak at 118
robust fit to distribution - 87 +- 17.4
distribution too broad for accurate scaling - disabling
after smoothing, mri peak at 144, scaling input intensities by 1.000
scaling channel 0 by 1
initial log_p = -5.0

after initial translation: (1.1, -14.8, -19.3): log p = -4.7

scale 1.000: max=-4.6, old_max =-4.7 (thresh=-4.7)

scale 1.000: max=-4.4, old_max =-4.6 (thresh=-4.5)

scale 1.000: max=-4.4, old_max =-4.4 (thresh=-4.4)

scale 1.000: max=-4.4, old_max =-4.4 (thresh=-4.4)

scale 1.000: max=-4.4, old_max =-4.4 (thresh=-4.4)
reducing scale to 0.2500

scale 0.250: max=-4.3, old_max =-4.4 (thresh=-4.4)

scale 0.250: max=-4.3, old_max =-4.3 (thresh=-4.3)
reducing scale to 0.0625

scale 0.062: max=-4.2, old_max =-4.3 (thresh=-4.3)

scale 0.062: max=-4.2, old_max =-4.2 (thresh=-4.2)
computing MAP estimate of linear transform...
dt = 5.00e-06, momentum=0.80, tol=1.00e-03
l_intensity = 1.0000
Aligning input volume to GCA...
Transform matrix
 1.23136  -0.01288  -0.03763  -25.31129;
 0.01184   1.77307   0.25162  -129.89905;
 0.02937  -0.16187   1.34905  -26.03903;
 0.00000   0.00000   0.00000   1.00000;
nsamples 2055
Quasinewton: input matrix
 1.23136  -0.01288  -0.03763  -25.31129;
 0.01184   1.77307   0.25162  -129.89905;
 0.02937  -0.16187   1.34905  -26.03903;
 0.00000   0.00000   0.00000   1.00000;
 IFLAG= -1  LINE SEARCH FAILED. SEE DOCUMENTATION OF ROUTINE MCSRCH ERROR RETURN OF LINE SEARCH: INFO= 4 POSSIBLE CAUSES: FUNCTION OR GRADIENT ARE INCORRECT OR INCORRECT TOLERANCESoutof QuasiNewtonEMA: 009: -log(p) =   -0.0  tol 0.001000
pass 1, spacing 8: log(p) = -4.2 (old=-5.0)
computing final MAP estimate of linear transform using 228854 samples...
dt = 5.00e-06, momentum=0.80, tol=1.00e-03
l_intensity = 1.0000
Aligning input volume to GCA...
Transform matrix
 1.23136  -0.01288  -0.03763  -25.31129;
 0.01184   1.77307   0.25162  -129.89905;
 0.02937  -0.16187   1.34905  -26.03903;
 0.00000   0.00000   0.00000   1.00000;
nsamples 228854
Quasinewton: input matrix
 1.23136  -0.01288  -0.03763  -25.31129;
 0.01184   1.77307   0.25162  -129.89905;
 0.02937  -0.16187   1.34905  -26.03903;
 0.00000   0.00000   0.00000   1.00000;
 IFLAG= -1  LINE SEARCH FAILED. SEE DOCUMENTATION OF ROUTINE MCSRCH ERROR RETURN OF LINE SEARCH: INFO= 3 POSSIBLE CAUSES: FUNCTION OR GRADIENT ARE INCORRECT OR INCORRECT TOLERANCESoutof QuasiNewtonEMA: 009: -log(p) =   -0.0  tol 0.001000
final transform:
 1.23136  -0.01288  -0.03763  -25.31129;
 0.01184   1.77307   0.25162  -129.89905;
 0.02937  -0.16187   1.34905  -26.03903;
 0.00000   0.00000   0.00000   1.00000;

anonymizing volume...
using wm = 114.6, gm = 81.1
wm covar:
 502.39935;
gm covar:
 659.34979;
.........................
434995 face voxels erased, 349271 ambiguous voxels retained
resampling to original coordinate system...
MRImask(): AllowDiffGeom = 1
writing anonymized volume to orig_defaced.mgz...
deidentification took 2 minutes and 24 seconds.
@#@FSTIME  2022:12:14:08:04:35 mri_deface N 4 e 144.01 S 0.84 U 141.75 P 99% M 887612 F 1 R 683313 W 0 c 50 w 284 I 197384 O 13424 L 16.59 16.14 17.13
@#@FSLOADPOST 2022:12:14:08:06:59 mri_deface N 4 16.96 16.46 17.12
#--------------------------------------------
#@# Talairach Wed Dec 14 08:06:59 CST 2022
/Dedicated/jmichaelson-wdata/msmuhammad/projects/ABCD/MRI/derivatives/NDAR_INV0FM9MUTU/parameter-set-1/mri

 mri_nu_correct.mni --no-rescale --i orig.mgz --o orig_nu.mgz --ants-n4 --n 1 --proto-iters 1000 --distance 50 

/usr/bin/bc
/Dedicated/jmichaelson-wdata/msmuhammad/projects/ABCD/MRI/derivatives/NDAR_INV0FM9MUTU/parameter-set-1/mri
/Users/msmuhammad/packages/FreeSurfer/7.1.1/bin/mri_nu_correct.mni
--no-rescale --i orig.mgz --o orig_nu.mgz --ants-n4 --n 1 --proto-iters 1000 --distance 50
nIters 1
mri_nu_correct.mni 7.1.1
Linux argon-itf-bx47-35.hpc 3.10.0-1160.76.1.el7.x86_64 #1 SMP Wed Aug 10 16:21:17 UTC 2022 x86_64 x86_64 x86_64 GNU/Linux
Wed Dec 14 08:06:59 CST 2022
Found /dev/shm , will use for temp dir
tmpdir is /dev/shm/tmp.mri_nu_correct.mni.209001
cd /Dedicated/jmichaelson-wdata/msmuhammad/projects/ABCD/MRI/derivatives/NDAR_INV0FM9MUTU/parameter-set-1/mri
AntsN4BiasFieldCorrectionFs -i orig.mgz -o /dev/shm/tmp.mri_nu_correct.mni.209001/nu0.mgz
Using shrink factor: 4
mri_convert /dev/shm/tmp.mri_nu_correct.mni.209001/nu0.mgz orig_nu.mgz --like orig.mgz --conform
mri_convert /dev/shm/tmp.mri_nu_correct.mni.209001/nu0.mgz orig_nu.mgz --like orig.mgz --conform 
reading from /dev/shm/tmp.mri_nu_correct.mni.209001/nu0.mgz...
TR=2500.00, TE=0.00, TI=0.00, flip angle=0.00
i_ras = (-1, 0, 0)
j_ras = (0, 0, -1)
k_ras = (0, 1, 0)
INFO: transform src into the like-volume: orig.mgz
writing to orig_nu.mgz...
 
 
Wed Dec 14 08:10:17 CST 2022
mri_nu_correct.mni done
@#@FSTIME  2022:12:14:08:06:59 mri_nu_correct.mni N 12 e 198.23 S 0.44 U 197.57 P 99% M 486248 F 1 R 212937 W 0 c 152 w 644 I 7112 O 12688 L 16.96 16.46 17.12
@#@FSLOADPOST 2022:12:14:08:10:17 mri_nu_correct.mni N 12 17.08 16.74 17.10

 talairach_avi --i orig_nu.mgz --xfm transforms/talairach.auto.xfm 

talairach_avi log file is transforms/talairach_avi.log...
Started at Wed Dec 14 08:10:17 CST 2022
Ended   at Wed Dec 14 08:10:45 CST 2022
talairach_avi done
@#@FSTIME  2022:12:14:08:10:17 talairach_avi N 4 e 27.66 S 1.36 U 17.24 P 67% M 253980 F 5 R 417570 W 0 c 84 w 6140 I 269992 O 295984 L 17.08 16.74 17.10
@#@FSLOADPOST 2022:12:14:08:10:45 talairach_avi N 4 17.05 16.77 17.10

 cp transforms/talairach.auto.xfm transforms/talairach.xfm 

lta_convert --src orig.mgz --trg /Users/msmuhammad/packages/FreeSurfer/7.1.1/average/mni305.cor.mgz --inxfm transforms/talairach.xfm --outlta transforms/talairach.xfm.lta --subject fsaverage --ltavox2vox
7.1.1

--src: orig.mgz src image (geometry).
--trg: /Users/msmuhammad/packages/FreeSurfer/7.1.1/average/mni305.cor.mgz trg image (geometry).
--inmni: transforms/talairach.xfm input MNI/XFM transform.
--outlta: transforms/talairach.xfm.lta output LTA.
--s: fsaverage subject name
--ltavox2vox: output LTA as VOX_TO_VOX transform.
 LTA read, type : 1
 1.09698   0.01761  -0.03713  -0.29822;
 0.01999   1.03173   0.28892  -39.01431;
 0.05722  -0.25995   1.26955  -0.43359;
 0.00000   0.00000   0.00000   1.00000;
setting subject to fsaverage
Writing  LTA to file transforms/talairach.xfm.lta...
lta_convert successful.
/Dedicated/jmichaelson-wdata/msmuhammad/projects/ABCD/MRI/derivatives/NDAR_INV0FM9MUTU/parameter-set-1/mri/transforms /Dedicated/jmichaelson-wdata/msmuhammad/projects/ABCD/MRI/derivatives/NDAR_INV0FM9MUTU/parameter-set-1/mri 
/Dedicated/jmichaelson-wdata/msmuhammad/projects/ABCD/MRI/derivatives/NDAR_INV0FM9MUTU/parameter-set-1/mri 
#--------------------------------------------
#@# Talairach Failure Detection Wed Dec 14 08:10:47 CST 2022
/Dedicated/jmichaelson-wdata/msmuhammad/projects/ABCD/MRI/derivatives/NDAR_INV0FM9MUTU/parameter-set-1/mri

 talairach_afd -T 0.005 -xfm transforms/talairach.xfm 

talairach_afd: Talairach Transform: transforms/talairach.xfm OK (p=0.8020, pval=0.8469 >= threshold=0.0050)
@#@FSTIME  2022:12:14:08:10:47 talairach_afd N 4 e 0.50 S 0.00 U 0.00 P 0% M 2176 F 1 R 625 W 0 c 1 w 107 I 5832 O 0 L 17.05 16.77 17.10
@#@FSLOADPOST 2022:12:14:08:10:48 talairach_afd N 4 17.05 16.77 17.10

 awk -f /Users/msmuhammad/packages/FreeSurfer/7.1.1/bin/extract_talairach_avi_QA.awk /Dedicated/jmichaelson-wdata/msmuhammad/projects/ABCD/MRI/derivatives/NDAR_INV0FM9MUTU/parameter-set-1/mri/transforms/talairach_avi.log 


 tal_QC_AZS /Dedicated/jmichaelson-wdata/msmuhammad/projects/ABCD/MRI/derivatives/NDAR_INV0FM9MUTU/parameter-set-1/mri/transforms/talairach_avi.log 

TalAviQA: 0.96117
z-score: -3
#--------------------------------------------
#@# Nu Intensity Correction Wed Dec 14 08:10:48 CST 2022

 mri_nu_correct.mni --i orig.mgz --o nu.mgz --uchar transforms/talairach.xfm --n 2 --ants-n4 

/usr/bin/bc
/Dedicated/jmichaelson-wdata/msmuhammad/projects/ABCD/MRI/derivatives/NDAR_INV0FM9MUTU/parameter-set-1/mri
/Users/msmuhammad/packages/FreeSurfer/7.1.1/bin/mri_nu_correct.mni
--i orig.mgz --o nu.mgz --uchar transforms/talairach.xfm --n 2 --ants-n4
nIters 2
mri_nu_correct.mni 7.1.1
Linux argon-itf-bx47-35.hpc 3.10.0-1160.76.1.el7.x86_64 #1 SMP Wed Aug 10 16:21:17 UTC 2022 x86_64 x86_64 x86_64 GNU/Linux
Wed Dec 14 08:10:48 CST 2022
Found /dev/shm , will use for temp dir
tmpdir is /dev/shm/tmp.mri_nu_correct.mni.210957
cd /Dedicated/jmichaelson-wdata/msmuhammad/projects/ABCD/MRI/derivatives/NDAR_INV0FM9MUTU/parameter-set-1/mri
AntsN4BiasFieldCorrectionFs -i orig.mgz -o /dev/shm/tmp.mri_nu_correct.mni.210957/nu0.mgz
Using shrink factor: 4
mri_binarize --i /dev/shm/tmp.mri_nu_correct.mni.210957/nu0.mgz --min -1 --o /dev/shm/tmp.mri_nu_correct.mni.210957/ones.mgz

7.1.1
cwd /Dedicated/jmichaelson-wdata/msmuhammad/projects/ABCD/MRI/derivatives/NDAR_INV0FM9MUTU/parameter-set-1/mri
cmdline mri_binarize --i /dev/shm/tmp.mri_nu_correct.mni.210957/nu0.mgz --min -1 --o /dev/shm/tmp.mri_nu_correct.mni.210957/ones.mgz 
sysname  Linux
hostname argon-itf-bx47-35.hpc
machine  x86_64
user     msmuhammad

input      /dev/shm/tmp.mri_nu_correct.mni.210957/nu0.mgz
frame      0
nErode3d   0
nErode2d   0
output     /dev/shm/tmp.mri_nu_correct.mni.210957/ones.mgz
Binarizing based on threshold
min        -1
max        +infinity
binval        1
binvalnot     0
fstart = 0, fend = 0, nframes = 1
Found 16777216 values in range
Counting number of voxels in first frame
Found 16777215 voxels in final mask
Count: 16777215 16777215.000000 16777216 99.999994
mri_binarize done
mri_segstats --id 1 --seg /dev/shm/tmp.mri_nu_correct.mni.210957/ones.mgz --i orig.mgz --sum /dev/shm/tmp.mri_nu_correct.mni.210957/sum.junk --avgwf /dev/shm/tmp.mri_nu_correct.mni.210957/input.mean.dat

7.1.1
cwd 
cmdline mri_segstats --id 1 --seg /dev/shm/tmp.mri_nu_correct.mni.210957/ones.mgz --i orig.mgz --sum /dev/shm/tmp.mri_nu_correct.mni.210957/sum.junk --avgwf /dev/shm/tmp.mri_nu_correct.mni.210957/input.mean.dat 
sysname  Linux
hostname argon-itf-bx47-35.hpc
machine  x86_64
user     msmuhammad
whitesurfname  white
UseRobust  0
Loading /dev/shm/tmp.mri_nu_correct.mni.210957/ones.mgz
Loading orig.mgz
Voxel Volume is 1 mm^3
Generating list of segmentation ids
Found   1 segmentations
Computing statistics for each segmentation

Reporting on   1 segmentations
Using PrintSegStat
Computing spatial average of each frame
  0
Writing to /dev/shm/tmp.mri_nu_correct.mni.210957/input.mean.dat
mri_segstats done
mri_segstats --id 1 --seg /dev/shm/tmp.mri_nu_correct.mni.210957/ones.mgz --i /dev/shm/tmp.mri_nu_correct.mni.210957/nu0.mgz --sum /dev/shm/tmp.mri_nu_correct.mni.210957/sum.junk --avgwf /dev/shm/tmp.mri_nu_correct.mni.210957/output.mean.dat

7.1.1
cwd 
cmdline mri_segstats --id 1 --seg /dev/shm/tmp.mri_nu_correct.mni.210957/ones.mgz --i /dev/shm/tmp.mri_nu_correct.mni.210957/nu0.mgz --sum /dev/shm/tmp.mri_nu_correct.mni.210957/sum.junk --avgwf /dev/shm/tmp.mri_nu_correct.mni.210957/output.mean.dat 
sysname  Linux
hostname argon-itf-bx47-35.hpc
machine  x86_64
user     msmuhammad
whitesurfname  white
UseRobust  0
Loading /dev/shm/tmp.mri_nu_correct.mni.210957/ones.mgz
Loading /dev/shm/tmp.mri_nu_correct.mni.210957/nu0.mgz
Voxel Volume is 1 mm^3
Generating list of segmentation ids
Found   1 segmentations
Computing statistics for each segmentation

Reporting on   1 segmentations
Using PrintSegStat
Computing spatial average of each frame
  0
Writing to /dev/shm/tmp.mri_nu_correct.mni.210957/output.mean.dat
mri_segstats done
mris_calc -o /dev/shm/tmp.mri_nu_correct.mni.210957/nu0.mgz /dev/shm/tmp.mri_nu_correct.mni.210957/nu0.mgz mul 1.31276239563584898685
Saving result to '/dev/shm/tmp.mri_nu_correct.mni.210957/nu0.mgz' (type = MGH )                       [ ok ]
mri_convert /dev/shm/tmp.mri_nu_correct.mni.210957/nu0.mgz nu.mgz --like orig.mgz
mri_convert /dev/shm/tmp.mri_nu_correct.mni.210957/nu0.mgz nu.mgz --like orig.mgz 
reading from /dev/shm/tmp.mri_nu_correct.mni.210957/nu0.mgz...
TR=2500.00, TE=0.00, TI=0.00, flip angle=0.00
i_ras = (-1, 0, 0)
j_ras = (0, 0, -1)
k_ras = (0, 1, 0)
INFO: transform src into the like-volume: orig.mgz
writing to nu.mgz...
mri_make_uchar nu.mgz transforms/talairach.xfm nu.mgz
type change took 0 minutes and 5 seconds.
mapping (10, 127) to ( 3, 110)
 
 
Wed Dec 14 08:14:32 CST 2022
mri_nu_correct.mni done
@#@FSTIME  2022:12:14:08:10:48 mri_nu_correct.mni N 9 e 223.90 S 1.29 U 222.27 P 99% M 610292 F 1 R 738303 W 0 c 142 w 1368 I 5088 O 26440 L 17.05 16.77 17.10
@#@FSLOADPOST 2022:12:14:08:14:32 mri_nu_correct.mni N 9 17.06 16.98 17.12

 mri_add_xform_to_header -c /Dedicated/jmichaelson-wdata/msmuhammad/projects/ABCD/MRI/derivatives/NDAR_INV0FM9MUTU/parameter-set-1/mri/transforms/talairach.xfm nu.mgz nu.mgz 

INFO: extension is mgz
@#@FSTIME  2022:12:14:08:14:32 mri_add_xform_to_header N 4 e 0.70 S 0.00 U 0.67 P 95% M 19768 F 0 R 2986 W 0 c 3 w 154 I 0 O 7008 L 17.06 16.98 17.12
@#@FSLOADPOST 2022:12:14:08:14:32 mri_add_xform_to_header N 4 17.06 16.98 17.12
#--------------------------------------------
#@# Intensity Normalization Wed Dec 14 08:14:32 CST 2022
/Dedicated/jmichaelson-wdata/msmuhammad/projects/ABCD/MRI/derivatives/NDAR_INV0FM9MUTU/parameter-set-1/mri

 mri_normalize -g 1 -seed 1234 -mprage nu.mgz T1.mgz 

using max gradient = 1.000
setting seed for random number genererator to 1234
assuming input volume is MGH (Van der Kouwe) MP-RAGE
reading mri_src from nu.mgz...
normalizing image...
talairach transform
 1.09698   0.01761  -0.03713  -0.29822;
 0.01999   1.03173   0.28892  -39.01431;
 0.05722  -0.25995   1.26955  -0.43359;
 0.00000   0.00000   0.00000   1.00000;
processing without aseg, no1d=0
MRInormInit(): 
INFO: Modifying talairach volume c_(r,a,s) based on average_305
MRInormalize(): 
MRIsplineNormalize(): npeaks = 7
Starting OpenSpline(): npoints = 7
building Voronoi diagram...
performing soap bubble smoothing, sigma = 8...

Iterating 2 times
---------------------------------
3d normalization pass 1 of 2
white matter peak found at 110
white matter peak found at 89
gm peak at 71 (71), valley at 48 (48)
csf peak at 37, setting threshold to 59
building Voronoi diagram...
performing soap bubble smoothing, sigma = 8...
---------------------------------
3d normalization pass 2 of 2
white matter peak found at 110
white matter peak found at 110
gm peak at 69 (69), valley at 35 (35)
csf peak at 35, setting threshold to 57
building Voronoi diagram...
performing soap bubble smoothing, sigma = 8...
Done iterating ---------------------------------
writing output to T1.mgz
3D bias adjustment took 1 minutes and 33 seconds.
@#@FSTIME  2022:12:14:08:14:32 mri_normalize N 7 e 93.99 S 0.68 U 93.27 P 99% M 578500 F 0 R 470853 W 0 c 26 w 142 I 0 O 6808 L 17.06 16.98 17.12
@#@FSLOADPOST 2022:12:14:08:16:06 mri_normalize N 7 17.01 16.99 17.12
#--------------------------------------------
#@# Skull Stripping Wed Dec 14 08:16:06 CST 2022
/Dedicated/jmichaelson-wdata/msmuhammad/projects/ABCD/MRI/derivatives/NDAR_INV0FM9MUTU/parameter-set-1/mri

 mri_watershed -T1 -h 25 T1.mgz brainmask.auto.mgz 


Mode:          T1 normalized volume
Mode:          Preflooding height manually specified

*********************************************************
The input file is T1.mgz
The output file is brainmask.auto.mgz

*************************WATERSHED**************************
Sorting...
      T1-weighted MRI image
      modification of the preflooding height to 15 percent
      Count how many 110 voxels are present :  120686

      Find the largest 110-component...
             heap usage = 238868 Kbytes.
             removing small segments (less than 1 percent of maxarea).done
      And identify it as the main brain basin...done
      Main component: 109315 voxels
      first estimation of the COG coord: x=127 y=116 z=118 r=79
      first estimation of the main basin volume: 2070793 voxels
      global maximum in x=158, y=115, z=90, Imax=255
      CSF=18, WM_intensity=110, WM_VARIANCE=5
      WM_MIN=110, WM_HALF_MIN=110, WM_HALF_MAX=110, WM_MAX=110 
      preflooding height equal to 15 percent
done.
Analyze...

      main basin size= 1383653 voxels, voxel volume =1.000 
                     = 1383653 mmm3 = 1383.653 cm3
done.
PostAnalyze...
      ***** 0 basin(s) merged in 1 iteration(s)
      ***** 0 voxel(s) added to the main basin
done.

****************TEMPLATE DEFORMATION****************

      second estimation of the COG coord: x=128,y=124, z=116, r=9254 iterations
^^^^^^^^ couldn't find WM with original limits - expanding ^^^^^^

   GLOBAL      CSF_MIN=1, CSF_intensity=2, CSF_MAX=51 , nb = 43380
   
                     CSF_MAX  TRANSITION  GM_MIN  GM
    GLOBAL     
  before analyzing :    51,      52,        53,   69
  after  analyzing :    51,      52,        53,   56
      mri_strip_skull: done peeling brain
      highly tesselated surface with 10242 vertices
      matching...68 iterations

*********************VALIDATION*********************
curvature mean = -0.014, std = 0.012
curvature mean = 66.034, std = 8.046

No Rigid alignment: -atlas Mode Off (basic atlas / no registration)
      before rotation: sse = 1.96, sigma = 2.77
      after  rotation: sse = 1.96, sigma = 2.77
Localization of inacurate regions: Erosion-Dilation steps
      the sse mean is  1.96, its var is  2.04   
      before Erosion-Dilatation  0.00% of inacurate vertices
      after  Erosion-Dilatation  0.00% of inacurate vertices
      Validation of the shape of the surface done.
Scaling of atlas fields onto current surface fields

********FINAL ITERATIVE TEMPLATE DEFORMATION********
Compute Local values csf/gray
Fine Segmentation...43 iterations

      mri_strip_skull: done peeling brain

Brain Size = 1407923 voxels, voxel volume = 1.000 mm3
           = 1407923 mmm3 = 1407.923 cm3


******************************
Saving brainmask.auto.mgz
done
mri_watershed utimesec    12.103363
mri_watershed stimesec    0.292081
mri_watershed ru_maxrss   343944
mri_watershed ru_ixrss    0
mri_watershed ru_idrss    0
mri_watershed ru_isrss    0
mri_watershed ru_minflt   296453
mri_watershed ru_majflt   0
mri_watershed ru_nswap    0
mri_watershed ru_inblock  7960
mri_watershed ru_oublock  2384
mri_watershed ru_msgsnd   0
mri_watershed ru_msgrcv   0
mri_watershed ru_nsignals 0
mri_watershed ru_nvcsw    159
mri_watershed ru_nivcsw   12
mri_watershed done
@#@FSTIME  2022:12:14:08:16:07 mri_watershed N 5 e 13.29 S 0.32 U 12.10 P 93% M 343944 F 0 R 297567 W 0 c 15 w 178 I 7960 O 2384 L 17.01 16.99 17.12
@#@FSLOADPOST 2022:12:14:08:16:20 mri_watershed N 5 17.01 16.99 17.11

 rm -f brainmask.gcuts.mgz 


 mri_gcut -110 -mult brainmask.auto.mgz T1.mgz brainmask.auto.mgz brainmask.gcuts.mgz 


INFO: Care must be taken to thoroughly inspect your data
      when using mri_gcut. In particular, inspect the edges of
      gm and cerebellum for over-aggressive cutting.
      Add -segmentation brainmask.gcuts.mgz to the tkmedit
      command string to view the voxels which gcut has removed.

reading mask...
white mean: 110.000000
threshold set to: 110.000000*0.400000=44.000000
calculating weights...
doing mincut...
now doing maxflow, be patient...
g-cut done!
post-processing...
post-processing done!
masking...
** Gcutted brain is much smaller than the mask!
** Using the mask as the output instead!
@#@FSTIME  2022:12:14:08:16:20 mri_gcut N 6 e 10.93 S 1.40 U 9.51 P 99% M 2093420 F 0 R 978406 W 0 c 14 w 122 I 0 O 2384 L 17.01 16.99 17.11
@#@FSLOADPOST 2022:12:14:08:16:31 mri_gcut N 6 17.01 16.99 17.11

 cp brainmask.auto.mgz brainmask.mgz 

#-------------------------------------
#@# EM Registration Wed Dec 14 08:16:32 CST 2022
/Dedicated/jmichaelson-wdata/msmuhammad/projects/ABCD/MRI/derivatives/NDAR_INV0FM9MUTU/parameter-set-1/mri

 mri_em_register -uns 3 -mask brainmask.mgz nu.mgz /Users/msmuhammad/packages/FreeSurfer/7.1.1/average/RB_all_2020-01-02.gca transforms/talairach.lta 

setting unknown_nbr_spacing = 3
using MR volume brainmask.mgz to mask input volume...

== Number of threads available to mri_em_register for OpenMP = 1 == 
reading 1 input volumes...
logging results to talairach.log
reading '/Users/msmuhammad/packages/FreeSurfer/7.1.1/average/RB_all_2020-01-02.gca'...
GCAread took 0 minutes and 2 seconds.
average std = 7.2   using min determinant for regularization = 5.2
0 singular and 884 ill-conditioned covariance matrices regularized
reading 'nu.mgz'...
MRImask(): AllowDiffGeom = 1
MRImask(): AllowDiffGeom = 1
MRImask(): AllowDiffGeom = 1
MRImask(): AllowDiffGeom = 1
MRImask(): AllowDiffGeom = 1
freeing gibbs priors...done.
accounting for voxel sizes in initial transform
bounding unknown intensity as < 5.9 or > 519.0 
total sample mean = 79.1 (1017 zeros)
************************************************
spacing=8, using 2841 sample points, tol=1.00e-05...
************************************************
register_mri: find_optimal_transform
find_optimal_transform: nsamples 2841, passno 0, spacing 8
resetting wm mean[0]: 98 --> 107
resetting gm mean[0]: 61 --> 61
input volume #1 is the most T1-like
using real data threshold=29.1
skull bounding box = (65, 69, 41) --> (192, 178, 206)
finding center of left hemi white matter
using (107, 105, 124) as brain centroid of Right_Cerebral_White_Matter...
MRImask(): AllowDiffGeom = 1
mean wm in atlas = 107, using box (91,92,104) --> (122, 118,144) to find MRI wm
before smoothing, mri peak at 102
robust fit to distribution - 103 +- 7.2
after smoothing, mri peak at 104, scaling input intensities by 1.029
scaling channel 0 by 1.02885
initial log_p = -4.292
************************************************
First Search limited to translation only.
************************************************
max log p =    -4.238354 @ (-10.526, -10.526, -10.526)
max log p =    -4.092968 @ (5.263, 5.263, -5.263)
max log p =    -4.036535 @ (2.632, -2.632, 2.632)
max log p =    -4.021431 @ (1.316, 3.947, 1.316)
max log p =    -4.003953 @ (-1.974, -1.974, -1.974)
max log p =    -3.987519 @ (4.934, 1.645, 1.645)
max log p =    -3.987519 @ (0.000, 0.000, 0.000)
max log p =    -3.987519 @ (0.000, 0.000, 0.000)
Found translation: (1.6, -4.3, -12.2): log p = -3.988
****************************************
Nine parameter search.  iteration 0 nscales = 0 ...
****************************************
Result so far: scale 1.000: max_log_p=-3.882, old_max_log_p =-3.988 (thresh=-4.0)
 1.07500   0.00000   0.00000  -15.24208;
 0.00000   1.14016   0.13053  -36.94445;
 0.00000  -0.15011   0.99144   7.38293;
 0.00000   0.00000   0.00000   1.00000;
iteration took 1 minutes and 31 seconds.
****************************************
Nine parameter search.  iteration 1 nscales = 0 ...
****************************************
Result so far: scale 1.000: max_log_p=-3.855, old_max_log_p =-3.882 (thresh=-3.9)
 1.14574   0.15998   0.01831  -46.51124;
-0.14032   1.13041   0.12941  -17.06736;
 0.00000  -0.15011   0.99144   7.38293;
 0.00000   0.00000   0.00000   1.00000;
iteration took 1 minutes and 29 seconds.
****************************************
Nine parameter search.  iteration 2 nscales = 0 ...
****************************************
Result so far: scale 1.000: max_log_p=-3.855, old_max_log_p =-3.855 (thresh=-3.9)
 1.14574   0.15998   0.01831  -46.51124;
-0.14032   1.13041   0.12941  -17.06736;
 0.00000  -0.15011   0.99144   7.38293;
 0.00000   0.00000   0.00000   1.00000;
reducing scale to 0.2500
iteration took 1 minutes and 26 seconds.
****************************************
Nine parameter search.  iteration 3 nscales = 1 ...
****************************************
Result so far: scale 0.250: max_log_p=-3.737, old_max_log_p =-3.855 (thresh=-3.9)
 1.10748   0.09418  -0.04675  -21.94033;
-0.06246   1.13781   0.13459  -29.12357;
 0.06400  -0.15269   1.00838  -2.49561;
 0.00000   0.00000   0.00000   1.00000;
iteration took 1 minutes and 21 seconds.
****************************************
Nine parameter search.  iteration 4 nscales = 1 ...
****************************************
Result so far: scale 0.250: max_log_p=-3.737, old_max_log_p =-3.737 (thresh=-3.7)
 1.10748   0.09418  -0.04675  -21.94033;
-0.06246   1.13781   0.13459  -29.12357;
 0.06400  -0.15269   1.00838  -2.49561;
 0.00000   0.00000   0.00000   1.00000;
reducing scale to 0.0625
iteration took 1 minutes and 23 seconds.
****************************************
Nine parameter search.  iteration 5 nscales = 2 ...
****************************************
Result so far: scale 0.062: max_log_p=-3.735, old_max_log_p =-3.737 (thresh=-3.7)
 1.10796   0.09301  -0.03849  -22.82814;
-0.06291   1.13768   0.12619  -28.06285;
 0.05442  -0.14414   1.00979  -2.48566;
 0.00000   0.00000   0.00000   1.00000;
min search scale 0.025000 reached
***********************************************
Computing MAP estimate using 2841 samples...
***********************************************
dt = 5.00e-06, momentum=0.80, tol=1.00e-05
l_intensity = 1.0000
Aligning input volume to GCA...
Transform matrix
 1.10796   0.09301  -0.03849  -22.82814;
-0.06291   1.13768   0.12619  -28.06285;
 0.05442  -0.14414   1.00979  -2.48566;
 0.00000   0.00000   0.00000   1.00000;
nsamples 2841
Quasinewton: input matrix
 1.10796   0.09301  -0.03849  -22.82814;
-0.06291   1.13768   0.12619  -28.06285;
 0.05442  -0.14414   1.00979  -2.48566;
 0.00000   0.00000   0.00000   1.00000;
 IFLAG= -1  LINE SEARCH FAILED. SEE DOCUMENTATION OF ROUTINE MCSRCH ERROR RETURN OF LINE SEARCH: INFO= 4 POSSIBLE CAUSES: FUNCTION OR GRADIENT ARE INCORRECT OR INCORRECT TOLERANCESoutof QuasiNewtonEMA: 008: -log(p) =   -0.0  tol 0.000010
Resulting transform:
 1.10796   0.09301  -0.03849  -22.82814;
-0.06291   1.13768   0.12619  -28.06285;
 0.05442  -0.14414   1.00979  -2.48566;
 0.00000   0.00000   0.00000   1.00000;

pass 1, spacing 8: log(p) = -3.735 (old=-4.292)
transform before final EM align:
 1.10796   0.09301  -0.03849  -22.82814;
-0.06291   1.13768   0.12619  -28.06285;
 0.05442  -0.14414   1.00979  -2.48566;
 0.00000   0.00000   0.00000   1.00000;

**************************************************
 EM alignment process ...
 Computing final MAP estimate using 315638 samples. 
**************************************************
dt = 5.00e-06, momentum=0.80, tol=1.00e-07
l_intensity = 1.0000
Aligning input volume to GCA...
Transform matrix
 1.10796   0.09301  -0.03849  -22.82814;
-0.06291   1.13768   0.12619  -28.06285;
 0.05442  -0.14414   1.00979  -2.48566;
 0.00000   0.00000   0.00000   1.00000;
nsamples 315638
Quasinewton: input matrix
 1.10796   0.09301  -0.03849  -22.82814;
-0.06291   1.13768   0.12619  -28.06285;
 0.05442  -0.14414   1.00979  -2.48566;
 0.00000   0.00000   0.00000   1.00000;
dfp_em_step_func: 009: -log(p) = 4.1
after pass:transform: ( 1.11, 0.09, -0.04, -22.83)
                      ( -0.06, 1.14, 0.13, -28.06)
                      ( 0.05, -0.14, 1.01, -2.49)
 IFLAG= -1  LINE SEARCH FAILED. SEE DOCUMENTATION OF ROUTINE MCSRCH ERROR RETURN OF LINE SEARCH: INFO= 3 POSSIBLE CAUSES: FUNCTION OR GRADIENT ARE INCORRECT OR INCORRECT TOLERANCESpass 2 through quasi-newton minimization...
 IFLAG= -1  LINE SEARCH FAILED. SEE DOCUMENTATION OF ROUTINE MCSRCH ERROR RETURN OF LINE SEARCH: INFO= 6 POSSIBLE CAUSES: FUNCTION OR GRADIENT ARE INCORRECT OR INCORRECT TOLERANCESoutof QuasiNewtonEMA: 011: -log(p) =    4.1  tol 0.000000
final transform:
 1.10796   0.09301  -0.03849  -22.82814;
-0.06291   1.13768   0.12619  -28.06285;
 0.05442  -0.14414   1.00979  -2.48566;
 0.00000   0.00000   0.00000   1.00000;

writing output transformation to transforms/talairach.lta...
#VMPC# mri_em_register VmPeak  891868
FSRUNTIME@ mri_em_register  0.1630 hours 1 threads
registration took 9 minutes and 47 seconds.
@#@FSTIME  2022:12:14:08:16:32 mri_em_register N 7 e 587.00 S 1.15 U 584.99 P 99% M 612960 F 0 R 996409 W 0 c 263 w 131 I 139952 O 24 L 17.01 16.99 17.11
@#@FSLOADPOST 2022:12:14:08:26:19 mri_em_register N 7 17.09 17.05 17.08
#--------------------------------------
#@# CA Normalize Wed Dec 14 08:26:19 CST 2022
/Dedicated/jmichaelson-wdata/msmuhammad/projects/ABCD/MRI/derivatives/NDAR_INV0FM9MUTU/parameter-set-1/mri

 mri_ca_normalize -c ctrl_pts.mgz -mask brainmask.mgz nu.mgz /Users/msmuhammad/packages/FreeSurfer/7.1.1/average/RB_all_2020-01-02.gca transforms/talairach.lta norm.mgz 

writing control point volume to ctrl_pts.mgz
using MR volume brainmask.mgz to mask input volume...
reading 1 input volume
reading atlas from '/Users/msmuhammad/packages/FreeSurfer/7.1.1/average/RB_all_2020-01-02.gca'...
reading transform from 'transforms/talairach.lta'...
reading input volume from nu.mgz...
MRImask(): AllowDiffGeom = 1
resetting wm mean[0]: 98 --> 107
resetting gm mean[0]: 61 --> 61
input volume #1 is the most T1-like
using real data threshold=29.1
skull bounding box = (65, 69, 41) --> (192, 178, 206)
finding center of left hemi white matter
using (107, 105, 124) as brain centroid of Right_Cerebral_White_Matter...
MRImask(): AllowDiffGeom = 1
mean wm in atlas = 107, using box (91,92,104) --> (122, 118,144) to find MRI wm
before smoothing, mri peak at 102
robust fit to distribution - 103 +- 7.2
after smoothing, mri peak at 104, scaling input intensities by 1.029
scaling channel 0 by 1.02885
using 246437 sample points...
INFO: compute sample coordinates transform
 1.10796   0.09301  -0.03849  -22.82814;
-0.06291   1.13768   0.12619  -28.06285;
 0.05442  -0.14414   1.00979  -2.48566;
 0.00000   0.00000   0.00000   1.00000;
INFO: transform used
finding control points in Left_Cerebral_White_Matter....
found 40230 control points for structure...
bounding box (123, 66, 41) --> (189, 168, 205)
Left_Cerebral_White_Matter: limiting intensities to 110.0 --> 132.0
110 of 140 (78.6%) samples deleted
finding control points in Right_Cerebral_White_Matter....
found 39478 control points for structure...
bounding box (69, 66, 41) --> (132, 165, 206)
Right_Cerebral_White_Matter: limiting intensities to 90.0 --> 132.0
0 of 223 (0.0%) samples deleted
finding control points in Left_Cerebellum_White_Matter....
found 3105 control points for structure...
bounding box (125, 140, 66) --> (168, 182, 119)
Left_Cerebellum_White_Matter: limiting intensities to 95.0 --> 132.0
8 of 18 (44.4%) samples deleted
finding control points in Right_Cerebellum_White_Matter....
found 2710 control points for structure...
bounding box (84, 139, 65) --> (126, 178, 122)
Right_Cerebellum_White_Matter: limiting intensities to 88.0 --> 132.0
0 of 9 (0.0%) samples deleted
finding control points in Brain_Stem....
found 3475 control points for structure...
bounding box (110, 133, 102) --> (143, 194, 132)
Brain_Stem: limiting intensities to 88.0 --> 132.0
11 of 19 (57.9%) samples deleted
using 409 total control points for intensity normalization...
bias field = 0.960 +- 0.077
0 of 280 control points discarded
finding control points in Left_Cerebral_White_Matter....
found 40230 control points for structure...
bounding box (123, 66, 41) --> (189, 168, 205)
Left_Cerebral_White_Matter: limiting intensities to 98.0 --> 132.0
101 of 237 (42.6%) samples deleted
finding control points in Right_Cerebral_White_Matter....
found 39478 control points for structure...
bounding box (69, 66, 41) --> (132, 165, 206)
Right_Cerebral_White_Matter: limiting intensities to 88.0 --> 132.0
1 of 282 (0.4%) samples deleted
finding control points in Left_Cerebellum_White_Matter....
found 3105 control points for structure...
bounding box (125, 140, 66) --> (168, 182, 119)
Left_Cerebellum_White_Matter: limiting intensities to 88.0 --> 132.0
33 of 67 (49.3%) samples deleted
finding control points in Right_Cerebellum_White_Matter....
found 2710 control points for structure...
bounding box (84, 139, 65) --> (126, 178, 122)
Right_Cerebellum_White_Matter: limiting intensities to 88.0 --> 132.0
26 of 50 (52.0%) samples deleted
finding control points in Brain_Stem....
found 3475 control points for structure...
bounding box (110, 133, 102) --> (143, 194, 132)
Brain_Stem: limiting intensities to 88.0 --> 132.0
78 of 78 (100.0%) samples deleted
using 714 total control points for intensity normalization...
bias field = 1.017 +- 0.068
0 of 472 control points discarded
finding control points in Left_Cerebral_White_Matter....
found 40230 control points for structure...
bounding box (123, 66, 41) --> (189, 168, 205)
Left_Cerebral_White_Matter: limiting intensities to 121.0 --> 132.0
292 of 324 (90.1%) samples deleted
finding control points in Right_Cerebral_White_Matter....
found 39478 control points for structure...
bounding box (69, 66, 41) --> (132, 165, 206)
Right_Cerebral_White_Matter: limiting intensities to 88.0 --> 132.0
4 of 377 (1.1%) samples deleted
finding control points in Left_Cerebellum_White_Matter....
found 3105 control points for structure...
bounding box (125, 140, 66) --> (168, 182, 119)
Left_Cerebellum_White_Matter: limiting intensities to 88.0 --> 132.0
45 of 63 (71.4%) samples deleted
finding control points in Right_Cerebellum_White_Matter....
found 2710 control points for structure...
bounding box (84, 139, 65) --> (126, 178, 122)
Right_Cerebellum_White_Matter: limiting intensities to 88.0 --> 132.0
61 of 77 (79.2%) samples deleted
finding control points in Brain_Stem....
found 3475 control points for structure...
bounding box (110, 133, 102) --> (143, 194, 132)
Brain_Stem: limiting intensities to 88.0 --> 132.0
159 of 159 (100.0%) samples deleted
using 1000 total control points for intensity normalization...
bias field = 1.010 +- 0.091
0 of 434 control points discarded
writing normalized volume to norm.mgz...
writing control points to ctrl_pts.mgz
freeing GCA...done.
normalization took 1 minutes and 8 seconds.
@#@FSTIME  2022:12:14:08:26:19 mri_ca_normalize N 8 e 68.43 S 0.84 U 67.55 P 99% M 673344 F 0 R 677501 W 0 c 29 w 151 I 0 O 3312 L 17.09 17.05 17.08
@#@FSLOADPOST 2022:12:14:08:27:27 mri_ca_normalize N 8 17.03 17.04 17.08
#--------------------------------------
#@# CA Reg Wed Dec 14 08:27:27 CST 2022
/Dedicated/jmichaelson-wdata/msmuhammad/projects/ABCD/MRI/derivatives/NDAR_INV0FM9MUTU/parameter-set-1/mri

 mri_ca_register -nobigventricles -T transforms/talairach.lta -align-after -mask brainmask.mgz norm.mgz /Users/msmuhammad/packages/FreeSurfer/7.1.1/average/RB_all_2020-01-02.gca transforms/talairach.m3z 

not handling expanded ventricles...
using previously computed transform transforms/talairach.lta
renormalizing sequences with structure alignment, equivalent to:
	-renormalize
	-regularize_mean 0.500
	-regularize 0.500
using MR volume brainmask.mgz to mask input volume...

== Number of threads available to mri_ca_register for OpenMP = 1 == 
reading 1 input volumes...
logging results to talairach.log
reading input volume 'norm.mgz'...
MRImask(): AllowDiffGeom = 1
MRImask(): AllowDiffGeom = 1
MRImask(): AllowDiffGeom = 1
MRImask(): AllowDiffGeom = 1
MRImask(): AllowDiffGeom = 1
reading GCA '/Users/msmuhammad/packages/FreeSurfer/7.1.1/average/RB_all_2020-01-02.gca'...
label assignment complete, 0 changed (0.00%)
freeing gibbs priors...done.
average std[0] = 5.0
Starting GCAMregister()
label assignment complete, 0 changed (0.00%)
npasses = 1, nlevels = 6
#pass# 1 of 1 ************************
enabling zero nodes
setting smoothness cost coefficient to 0.156

#GCAMreg# pass 0 level1 5 level2 0 tsec 0 sigma 2
l_jacobian=1.00 l_label=1.00 l_log_likelihood=0.20 l_smoothness=0.16 
tol=2.50e-01, dt=5.00e-02, exp_k=20.0, momentum=0.90, levels=6, niter=500, lbl_dist=10.00, avgs=256, sigma=2.0,type=2, relabel=0, neg=no

blurring input image with Gaussian with sigma=2.000...
GCAMRegisterLevel(): init RMS 0.945298
#FOTS# QuadFit found better minimum quadopt=(dt=281.05,rms=0.86419) vs oldopt=(dt=369.92,rms=0.870581)
#GCMRL#    0 dt 281.050320 rms  0.864  8.580% neg 0  invalid 762 tFOTS 18.6220 tGradient 8.4830 tsec 28.5140
#FOTS# QuadFit found better minimum quadopt=(dt=240.747,rms=0.833477) vs oldopt=(dt=369.92,rms=0.840008)
#GCMRL#    1 dt 240.746698 rms  0.833  3.554% neg 0  invalid 762 tFOTS 19.6440 tGradient 7.0740 tsec 28.3790
#FOTS# QuadFit found better minimum quadopt=(dt=253.892,rms=0.822359) vs oldopt=(dt=369.92,rms=0.824038)
#GCMRL#    2 dt 253.892040 rms  0.822  1.334% neg 0  invalid 762 tFOTS 21.6390 tGradient 8.3320 tsec 31.4680
#FOTS# QuadFit found better minimum quadopt=(dt=190.707,rms=0.814707) vs oldopt=(dt=92.48,rms=0.817143)
#GCMRL#    3 dt 190.707071 rms  0.815  0.931% neg 0  invalid 762 tFOTS 19.5810 tGradient 8.0520 tsec 29.0240
#FOTS# QuadFit found better minimum quadopt=(dt=295.936,rms=0.809958) vs oldopt=(dt=369.92,rms=0.810542)
#GCMRL#    4 dt 295.936000 rms  0.810  0.583% neg 0  invalid 762 tFOTS 17.7440 tGradient 7.3850 tsec 26.4840
#FOTS# QuadFit found better minimum quadopt=(dt=146.051,rms=0.805007) vs oldopt=(dt=92.48,rms=0.806035)
#GCMRL#    5 dt 146.051282 rms  0.805  0.611% neg 0  invalid 762 tFOTS 18.7930 tGradient 7.3850 tsec 27.4800
#FOTS# QuadFit found better minimum quadopt=(dt=517.888,rms=0.798791) vs oldopt=(dt=369.92,rms=0.799798)
#GCMRL#    6 dt 517.888000 rms  0.799  0.772% neg 0  invalid 762 tFOTS 18.8810 tGradient 7.0380 tsec 27.2810
#FOTS# QuadFit found better minimum quadopt=(dt=129.472,rms=0.795438) vs oldopt=(dt=92.48,rms=0.79587)
#GCMRL#    7 dt 129.472000 rms  0.795  0.420% neg 0  invalid 762 tFOTS 19.9350 tGradient 6.9580 tsec 28.3110
#FOTS# QuadFit found better minimum quadopt=(dt=517.888,rms=0.792039) vs oldopt=(dt=369.92,rms=0.79265)
#GCMRL#    8 dt 517.888000 rms  0.792  0.427% neg 0  invalid 762 tFOTS 18.6610 tGradient 7.1710 tsec 27.1510
#FOTS# QuadFit found better minimum quadopt=(dt=129.472,rms=0.790556) vs oldopt=(dt=92.48,rms=0.790727)
#GCMRL#    9 dt 129.472000 rms  0.791  0.000% neg 0  invalid 762 tFOTS 18.9400 tGradient 6.7450 tsec 27.0380
#GCMRL#   10 dt 129.472000 rms  0.790  0.095% neg 0  invalid 762 tFOTS 0.0000 tGradient 7.2140 tsec 8.5920
#GCMRL#   11 dt 129.472000 rms  0.789  0.149% neg 0  invalid 762 tFOTS 0.0000 tGradient 7.1350 tsec 8.5790
#GCMRL#   12 dt 129.472000 rms  0.787  0.225% neg 0  invalid 762 tFOTS 0.0000 tGradient 7.2420 tsec 8.6240
#GCMRL#   13 dt 129.472000 rms  0.785  0.252% neg 0  invalid 762 tFOTS 0.0000 tGradient 7.6990 tsec 9.0240
#GCMRL#   14 dt 129.472000 rms  0.783  0.238% neg 0  invalid 762 tFOTS 0.0000 tGradient 7.6390 tsec 9.0200
#GCMRL#   15 dt 129.472000 rms  0.781  0.246% neg 0  invalid 762 tFOTS 0.0000 tGradient 7.2740 tsec 8.6250
#GCMRL#   16 dt 129.472000 rms  0.779  0.236% neg 0  invalid 762 tFOTS 0.0000 tGradient 7.0600 tsec 8.4570
#GCMRL#   17 dt 129.472000 rms  0.777  0.239% neg 0  invalid 762 tFOTS 0.0000 tGradient 7.2200 tsec 8.5510
#GCMRL#   18 dt 129.472000 rms  0.776  0.206% neg 0  invalid 762 tFOTS 0.0000 tGradient 7.0220 tsec 8.4490
#GCMRL#   19 dt 129.472000 rms  0.774  0.184% neg 0  invalid 762 tFOTS 0.0000 tGradient 7.7320 tsec 9.0960
#GCMRL#   20 dt 129.472000 rms  0.773  0.174% neg 0  invalid 762 tFOTS 0.0000 tGradient 7.5110 tsec 8.8450
#GCMRL#   21 dt 129.472000 rms  0.772  0.143% neg 0  invalid 762 tFOTS 0.0000 tGradient 7.6080 tsec 8.9100
#GCMRL#   22 dt 129.472000 rms  0.771  0.126% neg 0  invalid 762 tFOTS 0.0000 tGradient 7.5030 tsec 8.8300
#GCMRL#   23 dt 129.472000 rms  0.770  0.105% neg 0  invalid 762 tFOTS 0.0000 tGradient 7.4320 tsec 8.8090
#GCMRL#   24 dt 129.472000 rms  0.769  0.100% neg 0  invalid 762 tFOTS 0.0000 tGradient 7.4110 tsec 8.7980
#GCMRL#   25 dt 369.920000 rms  0.769  0.000% neg 0  invalid 762 tFOTS 19.7960 tGradient 7.3060 tsec 28.5440

#GCAMreg# pass 0 level1 5 level2 1 tsec 456.646 sigma 0.5
l_jacobian=1.00 l_label=1.00 l_log_likelihood=0.20 l_smoothness=0.16 
tol=2.50e-01, dt=5.00e-02, exp_k=20.0, momentum=0.90, levels=6, niter=500, lbl_dist=10.00, avgs=256, sigma=0.5,type=2, relabel=0, neg=no

blurring input image with Gaussian with sigma=0.500...
GCAMRegisterLevel(): init RMS 0.769676
#FOTS# QuadFit found better minimum quadopt=(dt=110.976,rms=0.767953) vs oldopt=(dt=92.48,rms=0.767973)
#GCMRL#   27 dt 110.976000 rms  0.768  0.224% neg 0  invalid 762 tFOTS 19.3350 tGradient 8.5290 tsec 29.3290
#FOTS# QuadFit found better minimum quadopt=(dt=27.744,rms=0.767934) vs oldopt=(dt=23.12,rms=0.767935)
#GCMRL#   28 dt  27.744000 rms  0.768  0.000% neg 0  invalid 762 tFOTS 19.7530 tGradient 7.7340 tsec 28.8720
setting smoothness cost coefficient to 0.615

#GCAMreg# pass 0 level1 4 level2 0 tsec 0 sigma 2
l_jacobian=1.00 l_label=1.00 l_log_likelihood=0.20 l_smoothness=0.62 
tol=2.50e-01, dt=5.00e-02, exp_k=20.0, momentum=0.90, levels=6, niter=500, lbl_dist=10.00, avgs=64, sigma=2.0,type=2, relabel=0, neg=no

blurring input image with Gaussian with sigma=2.000...
GCAMRegisterLevel(): init RMS 0.784021
#FOTS# QuadFit found better minimum quadopt=(dt=78.3596,rms=0.778694) vs oldopt=(dt=103.68,rms=0.779118)
#GCMRL#   30 dt  78.359584 rms  0.779  0.679% neg 0  invalid 762 tFOTS 18.4860 tGradient 6.0900 tsec 25.9380
#FOTS# QuadFit found better minimum quadopt=(dt=145.152,rms=0.770359) vs oldopt=(dt=103.68,rms=0.772161)
#GCMRL#   31 dt 145.152000 rms  0.770  1.070% neg 0  invalid 762 tFOTS 17.5210 tGradient 5.7430 tsec 24.5890
#FOTS# QuadFit found better minimum quadopt=(dt=83.0534,rms=0.768376) vs oldopt=(dt=103.68,rms=0.768494)
#GCMRL#   32 dt  83.053435 rms  0.768  0.257% neg 0  invalid 762 tFOTS 23.1190 tGradient 5.7980 tsec 30.5940
#FOTS# QuadFit found better minimum quadopt=(dt=181.74,rms=0.764442) vs oldopt=(dt=103.68,rms=0.765023)
#GCMRL#   33 dt 181.740458 rms  0.764  0.512% neg 0  invalid 762 tFOTS 23.1760 tGradient 6.8370 tsec 31.7270
#FOTS# QuadFit found better minimum quadopt=(dt=36.288,rms=0.762224) vs oldopt=(dt=25.92,rms=0.762538)
#GCMRL#   34 dt  36.288000 rms  0.762  0.290% neg 0  invalid 762 tFOTS 22.9890 tGradient 6.4870 tsec 31.1470
#FOTS# QuadFit found better minimum quadopt=(dt=124.416,rms=0.76112) vs oldopt=(dt=103.68,rms=0.761148)
#GCMRL#   35 dt 124.416000 rms  0.761  0.000% neg 0  invalid 762 tFOTS 21.3520 tGradient 6.5150 tsec 29.2850
#GCMRL#   36 dt 124.416000 rms  0.759  0.282% neg 0  invalid 762 tFOTS 0.0000 tGradient 5.8010 tsec 7.1170
#GCMRL#   37 dt 124.416000 rms  0.756  0.410% neg 0  invalid 762 tFOTS 0.0000 tGradient 5.5040 tsec 6.8280
#GCMRL#   38 dt 124.416000 rms  0.754  0.305% neg 0  invalid 762 tFOTS 0.0000 tGradient 5.7830 tsec 7.0900
#GCMRL#   39 dt 124.416000 rms  0.749  0.549% neg 0  invalid 762 tFOTS 0.0000 tGradient 5.5870 tsec 6.9160
#GCMRL#   40 dt 124.416000 rms  0.746  0.486% neg 0  invalid 762 tFOTS 0.0000 tGradient 5.7300 tsec 7.0020
#GCMRL#   41 dt 124.416000 rms  0.744  0.239% neg 0  invalid 762 tFOTS 0.0000 tGradient 5.6790 tsec 6.9930
#GCMRL#   42 dt 124.416000 rms  0.742  0.312% neg 0  invalid 762 tFOTS 0.0000 tGradient 5.6380 tsec 7.0070
#GCMRL#   43 dt 124.416000 rms  0.740  0.251% neg 0  invalid 762 tFOTS 0.0000 tGradient 5.6810 tsec 6.9460
#GCMRL#   44 dt 124.416000 rms  0.739  0.121% neg 0  invalid 762 tFOTS 0.0000 tGradient 5.5780 tsec 6.8900
#GCMRL#   45 dt 124.416000 rms  0.738  0.092% neg 0  invalid 762 tFOTS 0.0000 tGradient 5.5090 tsec 6.9550
#FOTS# QuadFit found better minimum quadopt=(dt=36.288,rms=0.737903) vs oldopt=(dt=25.92,rms=0.737919)
#GCMRL#   46 dt  36.288000 rms  0.738  0.000% neg 0  invalid 762 tFOTS 17.2920 tGradient 5.5780 tsec 24.2290
#GCMRL#   47 dt  36.288000 rms  0.738  0.005% neg 0  invalid 762 tFOTS 0.0000 tGradient 5.6540 tsec 7.0400
#GCMRL#   48 dt  36.288000 rms  0.738  0.006% neg 0  invalid 762 tFOTS 0.0000 tGradient 5.6620 tsec 6.9760
#GCMRL#   49 dt  36.288000 rms  0.738  0.005% neg 0  invalid 762 tFOTS 0.0000 tGradient 5.6200 tsec 6.9920

#GCAMreg# pass 0 level1 4 level2 1 tsec 300.155 sigma 0.5
l_jacobian=1.00 l_label=1.00 l_log_likelihood=0.20 l_smoothness=0.62 
tol=2.50e-01, dt=5.00e-02, exp_k=20.0, momentum=0.90, levels=6, niter=500, lbl_dist=10.00, avgs=64, sigma=0.5,type=2, relabel=0, neg=no

blurring input image with Gaussian with sigma=0.500...
GCAMRegisterLevel(): init RMS 0.738551
#FOTS# QuadFit found better minimum quadopt=(dt=0.00189844,rms=0.737777) vs oldopt=(dt=0.00158203,rms=0.737777)
#GCMRL#   51 dt   0.001898 rms  0.738  0.105% neg 0  invalid 762 tFOTS 23.4820 tGradient 5.5350 tsec 30.3480
setting smoothness cost coefficient to 2.353

#GCAMreg# pass 0 level1 3 level2 0 tsec 0 sigma 2
l_jacobian=1.00 l_label=1.00 l_log_likelihood=0.20 l_smoothness=2.35 
tol=2.50e-01, dt=5.00e-02, exp_k=20.0, momentum=0.90, levels=6, niter=500, lbl_dist=10.00, avgs=16, sigma=2.0,type=2, relabel=0, neg=no

blurring input image with Gaussian with sigma=2.000...
GCAMRegisterLevel(): init RMS 0.785839
#FOTS# QuadFit found better minimum quadopt=(dt=2.8,rms=0.784371) vs oldopt=(dt=2,rms=0.784428)
#GCMRL#   53 dt   2.800000 rms  0.784  0.187% neg 0  invalid 762 tFOTS 17.0380 tGradient 4.9810 tsec 23.3160
#FOTS# QuadFit found better minimum quadopt=(dt=0.175,rms=0.784369) vs oldopt=(dt=0.125,rms=0.78437)
#GCMRL#   54 dt   0.175000 rms  0.784  0.000% neg 0  invalid 762 tFOTS 17.2900 tGradient 5.0760 tsec 23.7210
#GCMRL#   55 dt   0.175000 rms  0.784  0.000% neg 0  invalid 762 tFOTS 0.0000 tGradient 4.9830 tsec 6.3360

#GCAMreg# pass 0 level1 3 level2 1 tsec 65.777 sigma 0.5
l_jacobian=1.00 l_label=1.00 l_log_likelihood=0.20 l_smoothness=2.35 
tol=2.50e-01, dt=5.00e-02, exp_k=20.0, momentum=0.90, levels=6, niter=500, lbl_dist=10.00, avgs=16, sigma=0.5,type=2, relabel=0, neg=no

blurring input image with Gaussian with sigma=0.500...
GCAMRegisterLevel(): init RMS 0.785085
#FOTS# QuadFit found better minimum quadopt=(dt=0.04375,rms=0.78437) vs oldopt=(dt=0.03125,rms=0.784371)
#GCMRL#   57 dt   0.043750 rms  0.784  0.091% neg 0  invalid 762 tFOTS 17.1110 tGradient 4.9610 tsec 23.4240
#FOTS# QuadFit found better minimum quadopt=(dt=0.0109375,rms=0.78437) vs oldopt=(dt=0.0078125,rms=0.78437)
#GCMRL#   58 dt   0.010937 rms  0.784  0.000% neg 0  invalid 762 tFOTS 17.2220 tGradient 5.0020 tsec 23.5570
#GCMRL#   59 dt   0.010937 rms  0.784  0.000% neg 0  invalid 762 tFOTS 0.0000 tGradient 5.0250 tsec 6.3250
setting smoothness cost coefficient to 8.000

#GCAMreg# pass 0 level1 2 level2 0 tsec 0 sigma 2
l_jacobian=1.00 l_label=1.00 l_log_likelihood=0.20 l_smoothness=8.00 
tol=2.50e-01, dt=5.00e-02, exp_k=20.0, momentum=0.90, levels=6, niter=500, lbl_dist=10.00, avgs=4, sigma=2.0,type=2, relabel=0, neg=no

blurring input image with Gaussian with sigma=2.000...
GCAMRegisterLevel(): init RMS 0.90357
#FOTS# QuadFit found better minimum quadopt=(dt=2.83111,rms=0.869423) vs oldopt=(dt=2.88,rms=0.869434)
#GCMRL#   61 dt   2.831109 rms  0.869  3.779% neg 0  invalid 762 tFOTS 16.9280 tGradient 4.6790 tsec 22.9430
#FOTS# QuadFit found better minimum quadopt=(dt=2.80492,rms=0.859655) vs oldopt=(dt=2.88,rms=0.859664)
#GCMRL#   62 dt   2.804916 rms  0.860  1.123% neg 0  invalid 762 tFOTS 17.1110 tGradient 4.4170 tsec 22.8320
#FOTS# QuadFit found better minimum quadopt=(dt=2.08621,rms=0.856873) vs oldopt=(dt=2.88,rms=0.857319)
#GCMRL#   63 dt   2.086207 rms  0.857  0.324% neg 0  invalid 762 tFOTS 17.0720 tGradient 4.9600 tsec 23.3590
#FOTS# QuadFit found better minimum quadopt=(dt=2.23333,rms=0.855866) vs oldopt=(dt=2.88,rms=0.855956)
#GCMRL#   64 dt   2.233333 rms  0.856  0.000% neg 0  invalid 762 tFOTS 17.0690 tGradient 4.4430 tsec 22.9090
#GCMRL#   65 dt   2.233333 rms  0.855  0.073% neg 0  invalid 762 tFOTS 0.0000 tGradient 4.4250 tsec 5.7890

#GCAMreg# pass 0 level1 2 level2 1 tsec 109.644 sigma 0.5
l_jacobian=1.00 l_label=1.00 l_log_likelihood=0.20 l_smoothness=8.00 
tol=2.50e-01, dt=5.00e-02, exp_k=20.0, momentum=0.90, levels=6, niter=500, lbl_dist=10.00, avgs=4, sigma=0.5,type=2, relabel=0, neg=no

blurring input image with Gaussian with sigma=0.500...
GCAMRegisterLevel(): init RMS 0.855872
#GCMRL#   67 dt   0.000000 rms  0.855  0.074% neg 0  invalid 762 tFOTS 16.1540 tGradient 4.5530 tsec 22.0630
setting smoothness cost coefficient to 20.000

#GCAMreg# pass 0 level1 1 level2 0 tsec 0 sigma 2
l_jacobian=1.00 l_label=1.00 l_log_likelihood=0.20 l_smoothness=20.00 
tol=2.50e-01, dt=5.00e-02, exp_k=20.0, momentum=0.90, levels=6, niter=500, lbl_dist=10.00, avgs=1, sigma=2.0,type=2, relabel=0, neg=no

blurring input image with Gaussian with sigma=2.000...
GCAMRegisterLevel(): init RMS 0.925535
#FOTS# QuadFit found better minimum quadopt=(dt=0.028,rms=0.924936) vs oldopt=(dt=0.02,rms=0.924937)
#GCMRL#   69 dt   0.028000 rms  0.925  0.065% neg 0  invalid 762 tFOTS 17.1390 tGradient 4.2390 tsec 22.6840
#FOTS# QuadFit found better minimum quadopt=(dt=0.024,rms=0.924929) vs oldopt=(dt=0.02,rms=0.924929)
#GCMRL#   70 dt   0.024000 rms  0.925  0.000% neg 0  invalid 762 tFOTS 17.2710 tGradient 4.2990 tsec 22.9380
#GCMRL#   71 dt   0.024000 rms  0.925  0.000% neg 0  invalid 762 tFOTS 0.0000 tGradient 4.2500 tsec 5.5770

#GCAMreg# pass 0 level1 1 level2 1 tsec 62.931 sigma 0.5
l_jacobian=1.00 l_label=1.00 l_log_likelihood=0.20 l_smoothness=20.00 
tol=2.50e-01, dt=5.00e-02, exp_k=20.0, momentum=0.90, levels=6, niter=500, lbl_dist=10.00, avgs=1, sigma=0.5,type=2, relabel=0, neg=no

blurring input image with Gaussian with sigma=0.500...
GCAMRegisterLevel(): init RMS 0.925516
#FOTS# QuadFit found better minimum quadopt=(dt=0.112,rms=0.924794) vs oldopt=(dt=0.08,rms=0.924809)
#GCMRL#   73 dt   0.112000 rms  0.925  0.078% neg 0  invalid 762 tFOTS 17.1170 tGradient 4.3190 tsec 22.7570
#FOTS# QuadFit found better minimum quadopt=(dt=0.112,rms=0.924634) vs oldopt=(dt=0.08,rms=0.924666)
#GCMRL#   74 dt   0.112000 rms  0.925  0.000% neg 0  invalid 762 tFOTS 17.0690 tGradient 4.3500 tsec 22.7960
#GCMRL#   75 dt   0.112000 rms  0.924  0.023% neg 0  invalid 762 tFOTS 0.0000 tGradient 4.3510 tsec 5.6970
#GCMRL#   76 dt   0.112000 rms  0.924  0.037% neg 0  invalid 762 tFOTS 0.0000 tGradient 4.3940 tsec 5.7720
#GCMRL#   77 dt   0.112000 rms  0.924  0.048% neg 0  invalid 762 tFOTS 0.0000 tGradient 4.3050 tsec 5.6200
#GCMRL#   78 dt   0.112000 rms  0.923  0.070% neg 0  invalid 762 tFOTS 0.0000 tGradient 4.3160 tsec 5.6670
#GCMRL#   79 dt   0.112000 rms  0.922  0.097% neg 0  invalid 762 tFOTS 0.0000 tGradient 4.3200 tsec 5.6270
#GCMRL#   80 dt   0.112000 rms  0.921  0.121% neg 0  invalid 762 tFOTS 0.0000 tGradient 4.3110 tsec 5.6200
#GCMRL#   81 dt   0.112000 rms  0.920  0.125% neg 0  invalid 762 tFOTS 0.0000 tGradient 4.3720 tsec 5.7180
#GCMRL#   82 dt   0.112000 rms  0.919  0.117% neg 0  invalid 762 tFOTS 0.0000 tGradient 4.3700 tsec 5.6920
resetting metric properties...
setting smoothness cost coefficient to 40.000

#GCAMreg# pass 0 level1 0 level2 0 tsec 0 sigma 2
l_jacobian=1.00 l_label=1.00 l_log_likelihood=0.20 l_smoothness=40.00 
tol=2.50e-01, dt=5.00e-02, exp_k=20.0, momentum=0.90, levels=6, niter=500, lbl_dist=10.00, avgs=0, sigma=2.0,type=2, relabel=0, neg=no

blurring input image with Gaussian with sigma=2.000...
GCAMRegisterLevel(): init RMS 0.841859
#FOTS# QuadFit found better minimum quadopt=(dt=0.256,rms=0.834871) vs oldopt=(dt=0.32,rms=0.835202)
#GCMRL#   84 dt   0.256000 rms  0.835  0.830% neg 0  invalid 762 tFOTS 16.9530 tGradient 3.6170 tsec 21.9530
#FOTS# QuadFit found better minimum quadopt=(dt=0.028,rms=0.834548) vs oldopt=(dt=0.02,rms=0.834568)
#GCMRL#   85 dt   0.028000 rms  0.835  0.000% neg 0  invalid 762 tFOTS 17.0570 tGradient 3.6260 tsec 22.0350

#GCAMreg# pass 0 level1 0 level2 1 tsec 55.14 sigma 0.5
l_jacobian=1.00 l_label=1.00 l_log_likelihood=0.20 l_smoothness=40.00 
tol=2.50e-01, dt=5.00e-02, exp_k=20.0, momentum=0.90, levels=6, niter=500, lbl_dist=10.00, avgs=0, sigma=0.5,type=2, relabel=0, neg=no

blurring input image with Gaussian with sigma=0.500...
GCAMRegisterLevel(): init RMS 0.835236
#FOTS# QuadFit found better minimum quadopt=(dt=0.016,rms=0.834475) vs oldopt=(dt=0.02,rms=0.834482)
#GCMRL#   87 dt   0.016000 rms  0.834  0.091% neg 0  invalid 762 tFOTS 17.0030 tGradient 3.6820 tsec 22.0180
GCAMregister done in 24.1004 min
Starting GCAmapRenormalizeWithAlignment() without scales
renormalizing by structure alignment....
renormalizing input #0
gca peak = 0.10253 (16)
mri peak = 0.13137 (18)
Left_Lateral_Ventricle (4): linear fit = 0.82 x + 0.0 (602 voxels, overlap=0.379)
Left_Lateral_Ventricle (4): linear fit = 0.82 x + 0.0 (602 voxels, peak = 13), gca=13.2
gca peak = 0.17690 (16)
mri peak = 0.06279 (14)
Right_Lateral_Ventricle (43): linear fit = 2.88 x + 0.0 (715 voxels, overlap=0.585)
Right_Lateral_Ventricle (43): linear fit = 1.50 x + 0.0 (715 voxels, peak = 46), gca=24.0
gca peak = 0.28275 (96)
mri peak = 0.15182 (77)
Right_Pallidum (52): linear fit = 0.81 x + 0.0 (823 voxels, overlap=0.015)
Right_Pallidum (52): linear fit = 0.81 x + 0.0 (823 voxels, peak = 77), gca=77.3
gca peak = 0.18948 (93)
mri peak = 0.16961 (77)
Left_Pallidum (13): linear fit = 0.81 x + 0.0 (649 voxels, overlap=0.018)
Left_Pallidum (13): linear fit = 0.81 x + 0.0 (649 voxels, peak = 76), gca=75.8
gca peak = 0.20755 (55)
mri peak = 0.10009 (55)
Right_Hippocampus (53): linear fit = 0.92 x + 0.0 (616 voxels, overlap=0.971)
Right_Hippocampus (53): linear fit = 0.92 x + 0.0 (616 voxels, peak = 50), gca=50.3
gca peak = 0.31831 (58)
mri peak = 0.12616 (54)
Left_Hippocampus (17): linear fit = 0.94 x + 0.0 (651 voxels, overlap=0.550)
Left_Hippocampus (17): linear fit = 0.94 x + 0.0 (651 voxels, peak = 54), gca=54.2
gca peak = 0.11957 (102)
mri peak = 0.07651 (97)
Right_Cerebral_White_Matter (41): linear fit = 0.98 x + 0.0 (40688 voxels, overlap=0.949)
Right_Cerebral_White_Matter (41): linear fit = 0.98 x + 0.0 (40688 voxels, peak = 99), gca=99.5
gca peak = 0.11429 (102)
mri peak = 0.07245 (95)
Left_Cerebral_White_Matter (2): linear fit = 0.95 x + 0.0 (43619 voxels, overlap=0.962)
Left_Cerebral_White_Matter (2): linear fit = 0.95 x + 0.0 (43619 voxels, peak = 97), gca=97.4
gca peak = 0.14521 (59)
mri peak = 0.02816 (69)
Left_Cerebral_Cortex (3): linear fit = 1.14 x + 0.0 (12022 voxels, overlap=0.382)
Left_Cerebral_Cortex (3): linear fit = 1.14 x + 0.0 (12022 voxels, peak = 68), gca=67.6
gca peak = 0.14336 (58)
mri peak = 0.03013 (61)
Right_Cerebral_Cortex (42): linear fit = 1.02 x + 0.0 (10734 voxels, overlap=0.738)
Right_Cerebral_Cortex (42): linear fit = 1.02 x + 0.0 (10734 voxels, peak = 59), gca=59.4
gca peak = 0.13305 (70)
mri peak = 0.08159 (89)
Right_Caudate (50): linear fit = 1.34 x + 0.0 (353 voxels, overlap=0.032)
Right_Caudate (50): linear fit = 1.34 x + 0.0 (353 voxels, peak = 93), gca=93.5
gca peak = 0.15761 (71)
mri peak = 0.10058 (60)
Left_Caudate (11): linear fit = 0.81 x + 0.0 (766 voxels, overlap=0.097)
Left_Caudate (11): linear fit = 0.81 x + 0.0 (766 voxels, peak = 58), gca=57.9
gca peak = 0.13537 (57)
mri peak = 0.05384 (62)
Left_Cerebellum_Cortex (8): linear fit = 1.12 x + 0.0 (9891 voxels, overlap=0.663)
Left_Cerebellum_Cortex (8): linear fit = 1.12 x + 0.0 (9891 voxels, peak = 64), gca=63.6
gca peak = 0.13487 (56)
mri peak = 0.05333 (63)
Right_Cerebellum_Cortex (47): linear fit = 1.13 x + 0.0 (12790 voxels, overlap=0.779)
Right_Cerebellum_Cortex (47): linear fit = 1.13 x + 0.0 (12790 voxels, peak = 64), gca=63.6
gca peak = 0.19040 (84)
mri peak = 0.06905 (83)
Left_Cerebellum_White_Matter (7): linear fit = 0.96 x + 0.0 (5690 voxels, overlap=0.870)
Left_Cerebellum_White_Matter (7): linear fit = 0.96 x + 0.0 (5690 voxels, peak = 81), gca=81.1
gca peak = 0.18871 (83)
mri peak = 0.06769 (83)
Right_Cerebellum_White_Matter (46): linear fit = 1.00 x + 0.0 (4539 voxels, overlap=0.969)
Right_Cerebellum_White_Matter (46): linear fit = 1.00 x + 0.0 (4539 voxels, peak = 83), gca=83.0
gca peak = 0.24248 (57)
mri peak = 0.11824 (52)
Left_Amygdala (18): linear fit = 0.89 x + 0.0 (376 voxels, overlap=0.719)
Left_Amygdala (18): linear fit = 0.89 x + 0.0 (376 voxels, peak = 51), gca=51.0
gca peak = 0.35833 (56)
mri peak = 0.09961 (53)
Right_Amygdala (54): linear fit = 0.94 x + 0.0 (441 voxels, overlap=0.979)
Right_Amygdala (54): linear fit = 0.94 x + 0.0 (441 voxels, peak = 52), gca=52.4
gca peak = 0.12897 (85)
mri peak = 0.15074 (75)
Left_Thalamus (10): linear fit = 0.90 x + 0.0 (4980 voxels, overlap=0.377)
Left_Thalamus (10): linear fit = 0.90 x + 0.0 (4980 voxels, peak = 77), gca=76.9
gca peak = 0.13127 (83)
mri peak = 0.14935 (76)
Right_Thalamus (49): linear fit = 0.95 x + 0.0 (3920 voxels, overlap=0.661)
Right_Thalamus (49): linear fit = 0.95 x + 0.0 (3920 voxels, peak = 79), gca=79.3
gca peak = 0.12974 (78)
mri peak = 0.08755 (67)
Left_Putamen (12): linear fit = 0.88 x + 0.0 (1857 voxels, overlap=0.354)
Left_Putamen (12): linear fit = 0.88 x + 0.0 (1857 voxels, peak = 68), gca=68.2
gca peak = 0.17796 (79)
mri peak = 0.07949 (67)
Right_Putamen (51): linear fit = 0.89 x + 0.0 (1820 voxels, overlap=0.436)
Right_Putamen (51): linear fit = 0.89 x + 0.0 (1820 voxels, peak = 71), gca=70.7
gca peak = 0.10999 (80)
mri peak = 0.23883 (81)
Brain_Stem (16): linear fit = 1.02 x + 0.0 (8640 voxels, overlap=0.415)
Brain_Stem (16): linear fit = 1.02 x + 0.0 (8640 voxels, peak = 82), gca=82.0
gca peak = 0.13215 (88)
mri peak = 0.29084 (80)
Right_VentralDC (60): linear fit = 0.94 x + 0.0 (931 voxels, overlap=0.387)
Right_VentralDC (60): linear fit = 0.94 x + 0.0 (931 voxels, peak = 82), gca=82.3
gca peak = 0.11941 (89)
mri peak = 0.22727 (80)
Left_VentralDC (28): linear fit = 0.93 x + 0.0 (994 voxels, overlap=0.474)
Left_VentralDC (28): linear fit = 0.93 x + 0.0 (994 voxels, peak = 82), gca=82.3
gca peak = 0.20775 (25)
mri peak = 1.00000 (18)
gca peak = 0.13297 (21)
mri peak = 0.11278 (16)
Fourth_Ventricle (15): linear fit = 0.81 x + 0.0 (258 voxels, overlap=0.687)
Fourth_Ventricle (15): linear fit = 0.81 x + 0.0 (258 voxels, peak = 17), gca=17.1
gca peak Unknown = 0.94777 ( 0)
gca peak Left_Inf_Lat_Vent = 0.19087 (28)
gca peak Third_Ventricle = 0.20775 (25)
gca peak CSF = 0.16821 (33)
gca peak Left_Accumbens_area = 0.32850 (63)
gca peak Left_undetermined = 0.98480 (28)
gca peak Left_vessel = 0.40887 (53)
gca peak Left_choroid_plexus = 0.10898 (46)
gca peak Right_Inf_Lat_Vent = 0.17798 (26)
gca peak Right_Accumbens_area = 0.30137 (64)
gca peak Right_vessel = 0.47828 (52)
gca peak Right_choroid_plexus = 0.11612 (45)
gca peak Fifth_Ventricle = 0.59466 (35)
gca peak WM_hypointensities = 0.10053 (78)
gca peak non_WM_hypointensities = 0.07253 (60)
gca peak Optic_Chiasm = 0.25330 (73)
not using caudate to estimate GM means
estimating mean gm scale to be 0.97 x + 0.0
estimating mean wm scale to be 0.97 x + 0.0
estimating mean csf scale to be 1.05 x + 0.0
saving intensity scales to talairach.label_intensities.txt
GCAmapRenormalizeWithAlignment() took 4.08682 min
noneg pre
Starting GCAMregister()
label assignment complete, 0 changed (0.00%)
npasses = 1, nlevels = 6
#pass# 1 of 1 ************************
enabling zero nodes
setting smoothness cost coefficient to 0.008

#GCAMreg# pass 0 level1 5 level2 0 tsec 0 sigma 2
l_jacobian=1.00 l_label=1.00 l_log_likelihood=0.20 l_smoothness=0.01 
tol=5.00e-02, dt=5.00e-02, exp_k=20.0, momentum=0.90, levels=6, niter=500, lbl_dist=10.00, avgs=256, sigma=2.0,type=2, relabel=0, neg=no

blurring input image with Gaussian with sigma=2.000...
GCAMRegisterLevel(): init RMS 0.804115
#FOTS# QuadFit found better minimum quadopt=(dt=221.952,rms=0.770442) vs oldopt=(dt=369.92,rms=0.778075)
#GCMRL#   89 dt 221.952000 rms  0.770  4.188% neg 0  invalid 762 tFOTS 18.3360 tGradient 6.8990 tsec 26.5050
#GCMRL#   90 dt 369.920000 rms  0.760  1.358% neg 0  invalid 762 tFOTS 17.1490 tGradient 7.0840 tsec 25.5390
#FOTS# QuadFit found better minimum quadopt=(dt=129.472,rms=0.755016) vs oldopt=(dt=92.48,rms=0.755414)
#GCMRL#   91 dt 129.472000 rms  0.755  0.653% neg 0  invalid 762 tFOTS 18.2050 tGradient 6.9930 tsec 26.4990
#FOTS# QuadFit found better minimum quadopt=(dt=517.888,rms=0.749831) vs oldopt=(dt=369.92,rms=0.750298)
#GCMRL#   92 dt 517.888000 rms  0.750  0.687% neg 0  invalid 762 tFOTS 18.3610 tGradient 6.8490 tsec 26.5080
#FOTS# QuadFit found better minimum quadopt=(dt=110.976,rms=0.747914) vs oldopt=(dt=92.48,rms=0.747922)
#GCMRL#   93 dt 110.976000 rms  0.748  0.256% neg 0  invalid 762 tFOTS 17.9960 tGradient 7.1270 tsec 26.4340
#FOTS# QuadFit found better minimum quadopt=(dt=1775.62,rms=0.741382) vs oldopt=(dt=1479.68,rms=0.741463)
#GCMRL#   94 dt 1775.616000 rms  0.741  0.873% neg 0  invalid 762 tFOTS 18.1200 tGradient 6.8680 tsec 26.3310
#FOTS# QuadFit found better minimum quadopt=(dt=110.976,rms=0.73946) vs oldopt=(dt=92.48,rms=0.739549)
#GCMRL#   95 dt 110.976000 rms  0.739  0.259% neg 0  invalid 762 tFOTS 18.2650 tGradient 7.2370 tsec 26.8850
#FOTS# QuadFit found better minimum quadopt=(dt=517.888,rms=0.737205) vs oldopt=(dt=369.92,rms=0.737616)
#GCMRL#   96 dt 517.888000 rms  0.737  0.305% neg 0  invalid 762 tFOTS 17.9520 tGradient 6.9660 tsec 26.2200
#FOTS# QuadFit found better minimum quadopt=(dt=129.472,rms=0.736376) vs oldopt=(dt=92.48,rms=0.736521)
#GCMRL#   97 dt 129.472000 rms  0.736  0.112% neg 0  invalid 762 tFOTS 18.2090 tGradient 6.9710 tsec 26.5230
#FOTS# QuadFit found better minimum quadopt=(dt=1183.74,rms=0.734352) vs oldopt=(dt=1479.68,rms=0.734467)
#GCMRL#   98 dt 1183.744000 rms  0.734  0.275% neg 0  invalid 762 tFOTS 18.2560 tGradient 6.9610 tsec 26.5490
#FOTS# QuadFit found better minimum quadopt=(dt=129.472,rms=0.732622) vs oldopt=(dt=92.48,rms=0.732848)
#GCMRL#   99 dt 129.472000 rms  0.733  0.236% neg 0  invalid 762 tFOTS 17.0490 tGradient 6.9970 tsec 25.3630
#FOTS# QuadFit found better minimum quadopt=(dt=517.888,rms=0.731191) vs oldopt=(dt=369.92,rms=0.731339)
#GCMRL#  100 dt 517.888000 rms  0.731  0.195% neg 0  invalid 762 tFOTS 18.3650 tGradient 7.0550 tsec 26.7250
#FOTS# QuadFit found better minimum quadopt=(dt=110.976,rms=0.730554) vs oldopt=(dt=92.48,rms=0.730573)
#GCMRL#  101 dt 110.976000 rms  0.731  0.087% neg 0  invalid 762 tFOTS 18.2750 tGradient 7.1380 tsec 26.7170
#FOTS# QuadFit found better minimum quadopt=(dt=517.888,rms=0.729637) vs oldopt=(dt=369.92,rms=0.729806)
#GCMRL#  102 dt 517.888000 rms  0.730  0.126% neg 0  invalid 762 tFOTS 18.0960 tGradient 6.8790 tsec 26.2990
#FOTS# QuadFit found better minimum quadopt=(dt=295.936,rms=0.728837) vs oldopt=(dt=369.92,rms=0.728866)
#GCMRL#  103 dt 295.936000 rms  0.729  0.110% neg 0  invalid 762 tFOTS 17.9950 tGradient 6.8920 tsec 26.2250
#FOTS# QuadFit found better minimum quadopt=(dt=129.472,rms=0.728308) vs oldopt=(dt=92.48,rms=0.728408)
#GCMRL#  104 dt 129.472000 rms  0.728  0.073% neg 0  invalid 762 tFOTS 18.1640 tGradient 6.9770 tsec 26.4780
#GCMRL#  105 dt 1479.680000 rms  0.727  0.232% neg 0  invalid 762 tFOTS 18.1460 tGradient 6.9080 tsec 26.3750
#FOTS# QuadFit found better minimum quadopt=(dt=129.472,rms=0.724968) vs oldopt=(dt=92.48,rms=0.725097)
#GCMRL#  106 dt 129.472000 rms  0.725  0.228% neg 0  invalid 762 tFOTS 19.3790 tGradient 7.1240 tsec 27.8340
#FOTS# QuadFit found better minimum quadopt=(dt=295.936,rms=0.724448) vs oldopt=(dt=369.92,rms=0.724519)
#GCMRL#  107 dt 295.936000 rms  0.724  0.072% neg 0  invalid 762 tFOTS 18.3130 tGradient 7.2230 tsec 26.8400
#FOTS# QuadFit found better minimum quadopt=(dt=129.472,rms=0.723959) vs oldopt=(dt=92.48,rms=0.724049)
#GCMRL#  108 dt 129.472000 rms  0.724  0.068% neg 0  invalid 762 tFOTS 18.1720 tGradient 7.0380 tsec 26.5540
#FOTS# QuadFit found better minimum quadopt=(dt=517.888,rms=0.723228) vs oldopt=(dt=369.92,rms=0.723361)
#GCMRL#  109 dt 517.888000 rms  0.723  0.101% neg 0  invalid 762 tFOTS 18.2230 tGradient 7.3500 tsec 26.8940
#FOTS# QuadFit found better minimum quadopt=(dt=129.472,rms=0.722775) vs oldopt=(dt=92.48,rms=0.722849)
#GCMRL#  110 dt 129.472000 rms  0.723  0.063% neg 0  invalid 762 tFOTS 18.2980 tGradient 7.1460 tsec 26.7460
#FOTS# QuadFit found better minimum quadopt=(dt=517.888,rms=0.722118) vs oldopt=(dt=369.92,rms=0.722216)
#GCMRL#  111 dt 517.888000 rms  0.722  0.091% neg 0  invalid 762 tFOTS 18.1750 tGradient 7.2100 tsec 26.7300
#FOTS# QuadFit found better minimum quadopt=(dt=129.472,rms=0.72162) vs oldopt=(dt=92.48,rms=0.721698)
#GCMRL#  112 dt 129.472000 rms  0.722  0.069% neg 0  invalid 762 tFOTS 17.9430 tGradient 7.2530 tsec 26.4920
#FOTS# QuadFit found better minimum quadopt=(dt=517.888,rms=0.721052) vs oldopt=(dt=369.92,rms=0.721108)
#GCMRL#  113 dt 517.888000 rms  0.721  0.079% neg 0  invalid 762 tFOTS 18.1040 tGradient 7.3960 tsec 26.8320
