[1] "started subject: NDAR_INV5HG40TVB"
[1] "###################################################################################################################"
[1] "start of cmd: 1 for parameter set: 1"
[1] "cmd: 1 is completed for parameter set: 1"
[1] "start of cmd: 2 for parameter set: 1"
[1] "cmd: 2 is completed for parameter set: 1"
[1] "start of cmd: 3 for parameter set: 1"
[1] "cmd: 3 is completed for parameter set: 1"
[1] "start of cmd: 4 for parameter set: 1"
mri_convert /Dedicated/jmichaelson-sdata/ABCD/abcd_release_3_0/imaging/data/ABCD_T1/nii/NDAR_INV5HG40TVB.nii.gz /Dedicated/jmichaelson-wdata/msmuhammad/projects/ABCD/MRI/derivatives/NDAR_INV5HG40TVB/parameter-set-1/mri/orig/001.mgz 
reading from /Dedicated/jmichaelson-sdata/ABCD/abcd_release_3_0/imaging/data/ABCD_T1/nii/NDAR_INV5HG40TVB.nii.gz...
TR=2500.00, TE=0.00, TI=0.00, flip angle=0.00
i_ras = (1, 0, 0)
j_ras = (0, 1, 0)
k_ras = (0, 0, 1)
writing to /Dedicated/jmichaelson-wdata/msmuhammad/projects/ABCD/MRI/derivatives/NDAR_INV5HG40TVB/parameter-set-1/mri/orig/001.mgz...
[1] "cmd: 4 is completed for parameter set: 1"
[1] "start of cmd: 5 for parameter set: 1"
Subject Stamp: freesurfer-linux-centos7_x86_64-7.1.1-20200723-8b40551
Current Stamp: freesurfer-linux-centos7_x86_64-7.1.1-20200723-8b40551
INFO: SUBJECTS_DIR is /Dedicated/jmichaelson-wdata/msmuhammad/projects/ABCD/MRI/derivatives/NDAR_INV5HG40TVB
Actual FREESURFER_HOME /Users/msmuhammad/packages/FreeSurfer/7.1.1
Linux argon-itf-bx47-16.hpc 3.10.0-1160.76.1.el7.x86_64 #1 SMP Wed Aug 10 16:21:17 UTC 2022 x86_64 x86_64 x86_64 GNU/Linux
'/Users/msmuhammad/packages/FreeSurfer/7.1.1/bin/recon-all' -> '/Dedicated/jmichaelson-wdata/msmuhammad/projects/ABCD/MRI/derivatives/NDAR_INV5HG40TVB/parameter-set-1/scripts/recon-all.local-copy'
#--------------------------------------------
#@# MotionCor Wed Dec 14 13:25:58 CST 2022
Found 1 runs
/Dedicated/jmichaelson-wdata/msmuhammad/projects/ABCD/MRI/derivatives/NDAR_INV5HG40TVB/parameter-set-1/mri/orig/001.mgz
Checking for (invalid) multi-frame inputs...
Only one run found so motion
correction will not be performed. I'll
copy the run to rawavg and continue.

 cp /Dedicated/jmichaelson-wdata/msmuhammad/projects/ABCD/MRI/derivatives/NDAR_INV5HG40TVB/parameter-set-1/mri/orig/001.mgz /Dedicated/jmichaelson-wdata/msmuhammad/projects/ABCD/MRI/derivatives/NDAR_INV5HG40TVB/parameter-set-1/mri/rawavg.mgz 

/Dedicated/jmichaelson-wdata/msmuhammad/projects/ABCD/MRI/derivatives/NDAR_INV5HG40TVB/parameter-set-1

 mri_convert /Dedicated/jmichaelson-wdata/msmuhammad/projects/ABCD/MRI/derivatives/NDAR_INV5HG40TVB/parameter-set-1/mri/rawavg.mgz /Dedicated/jmichaelson-wdata/msmuhammad/projects/ABCD/MRI/derivatives/NDAR_INV5HG40TVB/parameter-set-1/mri/orig.mgz --conform 

mri_convert /Dedicated/jmichaelson-wdata/msmuhammad/projects/ABCD/MRI/derivatives/NDAR_INV5HG40TVB/parameter-set-1/mri/rawavg.mgz /Dedicated/jmichaelson-wdata/msmuhammad/projects/ABCD/MRI/derivatives/NDAR_INV5HG40TVB/parameter-set-1/mri/orig.mgz --conform 
reading from /Dedicated/jmichaelson-wdata/msmuhammad/projects/ABCD/MRI/derivatives/NDAR_INV5HG40TVB/parameter-set-1/mri/rawavg.mgz...
TR=2500.00, TE=0.00, TI=0.00, flip angle=0.00
i_ras = (1, 0, 0)
j_ras = (0, 1, 0)
k_ras = (0, 0, 1)
changing data type from short to uchar (noscale = 0)...
MRIchangeType: Building histogram 0 2391 1000, flo=0, fhi=0.999, dest_type=0
Reslicing using trilinear interpolation 
writing to /Dedicated/jmichaelson-wdata/msmuhammad/projects/ABCD/MRI/derivatives/NDAR_INV5HG40TVB/parameter-set-1/mri/orig.mgz...
@#@FSTIME  2022:12:14:13:26:02 mri_convert N 3 e 3.02 S 0.02 U 2.95 P 98% M 37404 F 0 R 2660 W 0 c 5 w 128 I 0 O 14584 L 4.91 20.58 31.99
@#@FSLOADPOST 2022:12:14:13:26:05 mri_convert N 3 4.60 20.26 31.82

 mri_add_xform_to_header -c /Dedicated/jmichaelson-wdata/msmuhammad/projects/ABCD/MRI/derivatives/NDAR_INV5HG40TVB/parameter-set-1/mri/transforms/talairach.xfm /Dedicated/jmichaelson-wdata/msmuhammad/projects/ABCD/MRI/derivatives/NDAR_INV5HG40TVB/parameter-set-1/mri/orig.mgz /Dedicated/jmichaelson-wdata/msmuhammad/projects/ABCD/MRI/derivatives/NDAR_INV5HG40TVB/parameter-set-1/mri/orig.mgz 

INFO: extension is mgz
@#@FSTIME  2022:12:14:13:26:05 mri_add_xform_to_header N 4 e 1.52 S 0.01 U 1.24 P 82% M 19708 F 1 R 1436 W 0 c 2 w 130 I 5736 O 14584 L 4.60 20.26 31.82
@#@FSLOADPOST 2022:12:14:13:26:06 mri_add_xform_to_header N 4 4.60 20.26 31.82
#--------------------------------------------
#@# Deface Wed Dec 14 13:26:06 CST 2022

 mri_deface orig.mgz /Users/msmuhammad/packages/FreeSurfer/7.1.1/average/talairach_mixed_with_skull.gca /Users/msmuhammad/packages/FreeSurfer/7.1.1/average/face.gca orig_defaced.mgz 

logging results to orig_defaced.log
reading '/Users/msmuhammad/packages/FreeSurfer/7.1.1/average/talairach_mixed_with_skull.gca'...
reading 'orig.mgz'...
bounding unknown intensity as < 10.3 or > 1461.6 
total sample mean = 111.8 (0 zeros)
spacing=8, using 2055 sample points, tol=1.00e-03...
resetting wm mean[0]: 143 --> 144
resetting gm mean[0]: 89 --> 89
input volume #1 is the most T1-like
using real data threshold=8.0
skull bounding box = (45, 40, 31) --> (211, 255, 213)
finding center of left hemi white matter
using (100, 112, 122) as brain centroid of Right_Cerebral_White_Matter...
MRImask(): AllowDiffGeom = 1
mean wm in atlas = 144, using box (80,85,100) --> (120, 138,144) to find MRI wm
before smoothing, mri peak at 146
robust fit to distribution - 109 +- 23.8
distribution too broad for accurate scaling - disabling
after smoothing, mri peak at 144, scaling input intensities by 1.000
scaling channel 0 by 1
initial log_p = -4.9

after initial translation: (1.1, -5.7, -17.0): log p = -4.6

scale 1.000: max=-4.4, old_max =-4.6 (thresh=-4.6)

scale 1.000: max=-4.4, old_max =-4.4 (thresh=-4.4)

scale 1.000: max=-4.3, old_max =-4.4 (thresh=-4.4)

scale 1.000: max=-4.3, old_max =-4.3 (thresh=-4.3)

scale 1.000: max=-4.3, old_max =-4.3 (thresh=-4.3)

scale 1.000: max=-4.3, old_max =-4.3 (thresh=-4.2)
reducing scale to 0.2500

scale 0.250: max=-4.2, old_max =-4.3 (thresh=-4.2)

scale 0.250: max=-4.2, old_max =-4.2 (thresh=-4.2)
reducing scale to 0.0625
