[1] "started subject: NDAR_INV5JGG99ZM"
[1] "###################################################################################################################"
[1] "start of cmd: 1 for parameter set: 1"
[1] "cmd: 1 is completed for parameter set: 1"
[1] "start of cmd: 2 for parameter set: 1"
[1] "cmd: 2 is completed for parameter set: 1"
[1] "start of cmd: 3 for parameter set: 1"
[1] "cmd: 3 is completed for parameter set: 1"
[1] "start of cmd: 4 for parameter set: 1"
mri_convert /Dedicated/jmichaelson-sdata/ABCD/abcd_release_3_0/imaging/data/ABCD_T1/nii/NDAR_INV5JGG99ZM.nii.gz /Dedicated/jmichaelson-wdata/msmuhammad/projects/ABCD/MRI/derivatives/NDAR_INV5JGG99ZM/parameter-set-1/mri/orig/001.mgz 
reading from /Dedicated/jmichaelson-sdata/ABCD/abcd_release_3_0/imaging/data/ABCD_T1/nii/NDAR_INV5JGG99ZM.nii.gz...
TR=6.66, TE=0.00, TI=0.00, flip angle=0.00
i_ras = (1, 0, 0)
j_ras = (0, 1, 0)
k_ras = (0, 0, 1)
writing to /Dedicated/jmichaelson-wdata/msmuhammad/projects/ABCD/MRI/derivatives/NDAR_INV5JGG99ZM/parameter-set-1/mri/orig/001.mgz...
[1] "cmd: 4 is completed for parameter set: 1"
[1] "start of cmd: 5 for parameter set: 1"
Subject Stamp: freesurfer-linux-centos7_x86_64-7.1.1-20200723-8b40551
Current Stamp: freesurfer-linux-centos7_x86_64-7.1.1-20200723-8b40551
INFO: SUBJECTS_DIR is /Dedicated/jmichaelson-wdata/msmuhammad/projects/ABCD/MRI/derivatives/NDAR_INV5JGG99ZM
Actual FREESURFER_HOME /Users/msmuhammad/packages/FreeSurfer/7.1.1
Linux argon-itf-bx48-26.hpc 3.10.0-1160.76.1.el7.x86_64 #1 SMP Wed Aug 10 16:21:17 UTC 2022 x86_64 x86_64 x86_64 GNU/Linux
'/Users/msmuhammad/packages/FreeSurfer/7.1.1/bin/recon-all' -> '/Dedicated/jmichaelson-wdata/msmuhammad/projects/ABCD/MRI/derivatives/NDAR_INV5JGG99ZM/parameter-set-1/scripts/recon-all.local-copy'
#--------------------------------------------
#@# MotionCor Wed Dec 14 13:26:11 CST 2022
Found 1 runs
/Dedicated/jmichaelson-wdata/msmuhammad/projects/ABCD/MRI/derivatives/NDAR_INV5JGG99ZM/parameter-set-1/mri/orig/001.mgz
Checking for (invalid) multi-frame inputs...
Only one run found so motion
correction will not be performed. I'll
copy the run to rawavg and continue.

 cp /Dedicated/jmichaelson-wdata/msmuhammad/projects/ABCD/MRI/derivatives/NDAR_INV5JGG99ZM/parameter-set-1/mri/orig/001.mgz /Dedicated/jmichaelson-wdata/msmuhammad/projects/ABCD/MRI/derivatives/NDAR_INV5JGG99ZM/parameter-set-1/mri/rawavg.mgz 

/Dedicated/jmichaelson-wdata/msmuhammad/projects/ABCD/MRI/derivatives/NDAR_INV5JGG99ZM/parameter-set-1

 mri_convert /Dedicated/jmichaelson-wdata/msmuhammad/projects/ABCD/MRI/derivatives/NDAR_INV5JGG99ZM/parameter-set-1/mri/rawavg.mgz /Dedicated/jmichaelson-wdata/msmuhammad/projects/ABCD/MRI/derivatives/NDAR_INV5JGG99ZM/parameter-set-1/mri/orig.mgz --conform 

mri_convert /Dedicated/jmichaelson-wdata/msmuhammad/projects/ABCD/MRI/derivatives/NDAR_INV5JGG99ZM/parameter-set-1/mri/rawavg.mgz /Dedicated/jmichaelson-wdata/msmuhammad/projects/ABCD/MRI/derivatives/NDAR_INV5JGG99ZM/parameter-set-1/mri/orig.mgz --conform 
reading from /Dedicated/jmichaelson-wdata/msmuhammad/projects/ABCD/MRI/derivatives/NDAR_INV5JGG99ZM/parameter-set-1/mri/rawavg.mgz...
TR=6.66, TE=0.00, TI=0.00, flip angle=0.00
i_ras = (1, 0, 0)
j_ras = (0, 1, 0)
k_ras = (0, 0, 1)
changing data type from float to uchar (noscale = 0)...
MRIchangeType: Building histogram 0 176988 1000, flo=0, fhi=0.999, dest_type=0
Reslicing using trilinear interpolation 
writing to /Dedicated/jmichaelson-wdata/msmuhammad/projects/ABCD/MRI/derivatives/NDAR_INV5JGG99ZM/parameter-set-1/mri/orig.mgz...
@#@FSTIME  2022:12:14:13:26:15 mri_convert N 3 e 2.82 S 0.03 U 2.73 P 97% M 75708 F 0 R 4715 W 0 c 1 w 116 I 0 O 8232 L 1.56 1.75 1.51
@#@FSLOADPOST 2022:12:14:13:26:17 mri_convert N 3 1.56 1.75 1.51

 mri_add_xform_to_header -c /Dedicated/jmichaelson-wdata/msmuhammad/projects/ABCD/MRI/derivatives/NDAR_INV5JGG99ZM/parameter-set-1/mri/transforms/talairach.xfm /Dedicated/jmichaelson-wdata/msmuhammad/projects/ABCD/MRI/derivatives/NDAR_INV5JGG99ZM/parameter-set-1/mri/orig.mgz /Dedicated/jmichaelson-wdata/msmuhammad/projects/ABCD/MRI/derivatives/NDAR_INV5JGG99ZM/parameter-set-1/mri/orig.mgz 

INFO: extension is mgz
@#@FSTIME  2022:12:14:13:26:17 mri_add_xform_to_header N 4 e 0.62 S 0.00 U 0.47 P 77% M 19708 F 0 R 1437 W 0 c 1 w 173 I 0 O 8232 L 1.56 1.75 1.51
@#@FSLOADPOST 2022:12:14:13:26:18 mri_add_xform_to_header N 4 1.60 1.75 1.51
#--------------------------------------------
#@# Deface Wed Dec 14 13:26:18 CST 2022

 mri_deface orig.mgz /Users/msmuhammad/packages/FreeSurfer/7.1.1/average/talairach_mixed_with_skull.gca /Users/msmuhammad/packages/FreeSurfer/7.1.1/average/face.gca orig_defaced.mgz 

logging results to orig_defaced.log
reading '/Users/msmuhammad/packages/FreeSurfer/7.1.1/average/talairach_mixed_with_skull.gca'...
reading 'orig.mgz'...
bounding unknown intensity as < 10.3 or > 1461.6 
total sample mean = 111.8 (0 zeros)
spacing=8, using 2055 sample points, tol=1.00e-03...
resetting wm mean[0]: 143 --> 144
resetting gm mean[0]: 89 --> 89
input volume #1 is the most T1-like
using real data threshold=8.0
skull bounding box = (49, 25, 31) --> (206, 255, 219)
finding center of left hemi white matter
using (101, 102, 125) as brain centroid of Right_Cerebral_White_Matter...
MRImask(): AllowDiffGeom = 1
mean wm in atlas = 144, using box (82,74,102) --> (120, 130,148) to find MRI wm
before smoothing, mri peak at 176
robust fit to distribution - 177 +- 14.1
distribution too broad for accurate scaling - disabling
after smoothing, mri peak at 144, scaling input intensities by 1.000
scaling channel 0 by 1
initial log_p = -4.7

after initial translation: (-1.1, 12.5, -10.2): log p = -4.4

scale 1.000: max=-4.1, old_max =-4.4 (thresh=-4.4)

scale 1.000: max=-4.0, old_max =-4.1 (thresh=-4.1)

scale 1.000: max=-4.0, old_max =-4.0 (thresh=-4.0)
reducing scale to 0.2500

scale 0.250: max=-4.0, old_max =-4.0 (thresh=-4.0)

scale 0.250: max=-4.0, old_max =-4.0 (thresh=-3.9)
reducing scale to 0.0625

scale 0.062: max=-3.9, old_max =-4.0 (thresh=-3.9)

scale 0.062: max=-3.9, old_max =-3.9 (thresh=-3.9)
computing MAP estimate of linear transform...
dt = 5.00e-06, momentum=0.80, tol=1.00e-03
l_intensity = 1.0000
Aligning input volume to GCA...
Transform matrix
 1.14551   0.04304  -0.02533  -22.06426;
-0.03744   1.23451  -0.19271   17.73573;
 0.01926   0.17402   1.07576  -38.70750;
 0.00000   0.00000   0.00000   1.00000;
nsamples 2055
Quasinewton: input matrix
 1.14551   0.04304  -0.02533  -22.06426;
-0.03744   1.23451  -0.19271   17.73573;
 0.01926   0.17402   1.07576  -38.70750;
 0.00000   0.00000   0.00000   1.00000;
 IFLAG= -1  LINE SEARCH FAILED. SEE DOCUMENTATION OF ROUTINE MCSRCH ERROR RETURN OF LINE SEARCH: INFO= 3 POSSIBLE CAUSES: FUNCTION OR GRADIENT ARE INCORRECT OR INCORRECT TOLERANCESoutof QuasiNewtonEMA: 007: -log(p) =   -0.0  tol 0.001000
pass 1, spacing 8: log(p) = -3.9 (old=-4.7)
computing final MAP estimate of linear transform using 228854 samples...
dt = 5.00e-06, momentum=0.80, tol=1.00e-03
l_intensity = 1.0000
Aligning input volume to GCA...
Transform matrix
 1.14551   0.04304  -0.02533  -22.06426;
-0.03744   1.23451  -0.19271   17.73573;
 0.01926   0.17402   1.07576  -38.70750;
 0.00000   0.00000   0.00000   1.00000;
nsamples 228854
Quasinewton: input matrix
 1.14551   0.04304  -0.02533  -22.06426;
-0.03744   1.23451  -0.19271   17.73573;
 0.01926   0.17402   1.07576  -38.70750;
 0.00000   0.00000   0.00000   1.00000;
